#
# A fatal error has been detected by the Java Runtime Environment:
#
#  EXCEPTION_ACCESS_VIOLATION (0xc0000005) at pc=0x000001ba53faada4, pid=22524, tid=20064
#
# JRE version: OpenJDK Runtime Environment Temurin-21.0.5+11 (21.0.5+11) (build 21.0.5+11-LTS)
# Java VM: OpenJDK 64-Bit Server VM Temurin-21.0.5+11 (21.0.5+11-LTS, mixed mode, emulated-client, sharing, tiered, compressed oops, compressed class ptrs, g1 gc, windows-amd64)
# Problematic frame:
# v  ~BufferBlob::MethodHandles adapters 0x000001ba53faada4
#
# No core dump will be written. Minidumps are not enabled by default on client versions of Windows
#
# If you would like to submit a bug report, please visit:
#   https://github.com/adoptium/adoptium-support/issues
#

---------------  S U M M A R Y ------------

Command Line: -XX:+ShowCodeDetailsInExceptionMessages -agentlib:jdwp=transport=dt_socket,suspend=y,address=localhost:65486 -Dcom.sun.management.jmxremote -Dcom.sun.management.jmxremote.port=65485 -Dcom.sun.management.jmxremote.authenticate=false -Dcom.sun.management.jmxremote.ssl=false -Djava.rmi.server.hostname=localhost -Dspring.jmx.enabled=true -Dmanagement.endpoints.jmx.exposure.include=* -Dspring.application.admin.enabled=true -XX:TieredStopAtLevel=1 -Dspring.boot.project.name=springboot-chat -javaagent:C:\Users\88693\Downloads\eclipse-jee-2024-09-R-win32-x86_64\eclipse\configuration\org.eclipse.osgi\446\0\.cp\lib\javaagent-shaded.jar -Dfile.encoding=UTF-8 -Dstdout.encoding=UTF-8 -Dstderr.encoding=UTF-8 chat.SpringbootChatApplication --spring.output.ansi.enabled=always

Host: 11th Gen Intel(R) Core(TM) i5-11400H @ 2.70GHz, 12 cores, 15G,  Windows 11 , 64 bit Build 22621 (10.0.22621.4391)
Time: Tue Dec 10 18:02:17 2024  Windows 11 , 64 bit Build 22621 (10.0.22621.4391) elapsed time: 31.829580 seconds (0d 0h 0m 31s)

---------------  T H R E A D  ---------------

Current thread (0x000001ba6672c450):  JavaThread "org.springframework.amqp.rabbit.RabbitListenerEndpointContainer#1-1"        [_thread_in_Java, id=20064, stack(0x0000000912500000,0x0000000912600000) (1024K)]

Stack: [0x0000000912500000,0x0000000912600000],  sp=0x00000009125fe468,  free space=1017k
Native frames: (J=compiled Java code, j=interpreted, Vv=VM code, C=native code)
C  0x000001ba53faada4

The last pc belongs to _linkToVirtual (printed below).

siginfo: EXCEPTION_ACCESS_VIOLATION (0xc0000005), reading address 0xffffffffffffffff


Registers:
RAX=0x000001ba53f79086, RBX=0x000000070aada138, RCX=0x00000009125fe478, RDX=0x0000000000000003
RSP=0x00000009125fe468, RBP=0x00000009125fe4c0, RSI=0x000001ba6590ca68, RDI=0x000001ba63a61570
R8 =0x0000000000000004, R9 =0x0000000000000004, R10=0x000001ba0072953b, R11=0xe155b48200000001
R12=0x0000000000000000, R13=0x00000009125fe468, R14=0x00000009125fe4e8, R15=0x000001ba6672c450
RIP=0x000001ba53faada4, EFLAGS=0x0000000000010202


Register to memory mapping:

RAX=0x000001ba53f79086 is at code_begin+3078 in an Interpreter codelet
return entry points  [0x000001ba53f78480, 0x000001ba53f7a298]  7704 bytes
RBX=0x000000070aada138 is an oop: java.lang.String 
{0x000000070aada138} - klass: 'java/lang/String'
 - string: "{"sendUser":{"username":"1","nickname":"Á^j","gender":"male"},"receiveChat":{"chatId":1,"chatname":"12345","createAt":[2024,11,29,0,0],"creator":{"username":"1","nickname":"Á^j","gender":"male"}},"message":"1"}"
 - ---- fields (total size 3 words):
 - private 'hash' 'I' @12  0 (0x00000000)
 - private final 'coder' 'B' @16  1 (0x01)
 - private 'hashIsZero' 'Z' @17  false (0x00)
 - injected 'flags' 'B' @18  0 (0x00)
 - private final 'value' '[B' @20  [B{0x000000070aada410} (0xe155b482)
RCX=0x00000009125fe478 is pointing into the stack for thread: 0x000001ba6672c450
RDX=0x0000000000000003 is an unknown value
RSP=0x00000009125fe468 is pointing into the stack for thread: 0x000001ba6672c450
RBP=0x00000009125fe4c0 is pointing into the stack for thread: 0x000001ba6672c450
RSI=0x000001ba6590ca68 points into unknown readable memory: 0x8800011aea20bec3 | c3 be 20 ea 1a 01 00 88
RDI=0x000001ba63a61570 points into unknown readable memory: 0x0000002000000070 | 70 00 00 00 20 00 00 00
R8 =0x0000000000000004 is an unknown value
R9 =0x0000000000000004 is an unknown value
R10=0x000001ba0072953b is pointing into metadata
R11=0xe155b48200000001 is an unknown value
R12=0x0 is null
R13=0x00000009125fe468 is pointing into the stack for thread: 0x000001ba6672c450
R14=0x00000009125fe4e8 is pointing into the stack for thread: 0x000001ba6672c450
R15=0x000001ba6672c450 is a thread

Top of Stack: (sp=0x00000009125fe468)
0x00000009125fe468:   000001ba53f79086 00000007055beef8
0x00000009125fe478:   00000009125fe478 000001ba0072953b
0x00000009125fe488:   0000000000000005 000001ba000b0fd8
0x00000009125fe498:   0000000703989968 000000070395f6a0
0x00000009125fe4a8:   000001ba000b3ad0 00000009125fe468
0x00000009125fe4b8:   00000009125fe4f0 00000009125fe820
0x00000009125fe4c8:   000001ba54eb203f 000000070aadae98
0x00000009125fe4d8:   000000070aada138 00000007055beef8
0x00000009125fe4e8:   000000070aadb060 00000007044782f8
0x00000009125fe4f8:   000001ba5426cd1e 0000000000000077
0x00000009125fe508:   00000007044782f8 000000070aadb450
0x00000009125fe518:   00000007055beef8 000000070aadb358
0x00000009125fe528:   000000070aada138 000000070aada138
0x00000009125fe538:   000000070aadb228 000000070aadb060
0x00000009125fe548:   00000007055beef8 000001ba54eb1f54
0x00000009125fe558:   0000000000000000 00000009125fe820
0x00000009125fe568:   000001ba54a2e8aa 0000000000000000
0x00000009125fe578:   000000070560f5e8 00000007044782f8
0x00000009125fe588:   000000070aadb480 000000070aadb450
0x00000009125fe598:   0000000000000001 00000007044782f8
0x00000009125fe5a8:   0000000706e771c0 000000070560f020
0x00000009125fe5b8:   0000000000000000 00000009125fe820
0x00000009125fe5c8:   000001ba543398dc 0000000000000000
0x00000009125fe5d8:   00000000622b6a38 00000009125fe820
0x00000009125fe5e8:   000001ba54d23cf4 0000000000000000
0x00000009125fe5f8:   0000000000000000 0000000000000000
0x00000009125fe608:   0000000000000000 0000000000000000
0x00000009125fe618:   0000000000000000 000000070aadb480
0x00000009125fe628:   000000070aadacf0 00000007055beef8
0x00000009125fe638:   0000000000000000 000000070560f5e8
0x00000009125fe648:   0000000703a414c8 000000070560f5e8
0x00000009125fe658:   000000070560f020 0000000000000000 

Instructions: (pc=0x000001ba53faada4)
0x000001ba53faaca4:   ba 01 00 00 00 ad fa 53 ba 01 00 00 80 bd fa 53
0x000001ba53faacb4:   ba 01 00 00 f0 ac fa 53 ba 01 00 00 f0 ac fa 53
0x000001ba53faacc4:   ba 01 00 00 00 00 00 00 00 00 00 00 f8 76 0e 8d
0x000001ba53faacd4:   fb 7f 00 00 f0 10 00 00 60 00 00 00 ff ff ff ff
0x000001ba53faace4:   f0 10 00 00 00 00 00 00 00 00 00 00 00 00 00 00
0x000001ba53faacf4:   00 00 00 00 00 00 00 00 00 00 00 00 f4 66 66 66
0x000001ba53faad04:   0f 1f 84 00 00 00 00 00 66 66 66 90 66 66 66 0f
0x000001ba53faad14:   1f 84 00 00 00 00 00 66 66 66 90 90 48 8b 53 08
0x000001ba53faad24:   0f b7 52 2e 48 8b 0c d4 8b 59 14 48 c1 e3 03 8b
0x000001ba53faad34:   5b 28 48 c1 e3 03 8b 5b 24 48 c1 e3 03 48 8b 5b
0x000001ba53faad44:   10 48 85 db 0f 84 10 00 00 00 41 80 bf d8 05 00
0x000001ba53faad54:   00 00 74 03 ff 63 38 ff 63 50 e9 9d 16 00 00 66
0x000001ba53faad64:   66 66 0f 1f 84 00 00 00 00 00 66 66 66 90 66 66
0x000001ba53faad74:   0f 1f 84 00 00 00 00 00 66 66 66 90 48 8b 53 08
0x000001ba53faad84:   0f b7 52 2e 48 8b 0c d4 58 5b 50 44 8b 51 08 49
0x000001ba53faad94:   bb 00 00 00 00 ba 01 00 00 4d 03 d3 4c 8b 5b 10
0x000001ba53faada4:   4b 8b 9c da c0 01 00 00 48 85 db 0f 84 10 00 00
0x000001ba53faadb4:   00 41 80 bf d8 05 00 00 00 74 03 ff 63 38 ff 63
0x000001ba53faadc4:   50 e9 36 16 00 00 66 66 66 0f 1f 84 00 00 00 00
0x000001ba53faadd4:   00 66 66 66 90 0f 1f 80 00 00 00 00 58 5b 50 8b
0x000001ba53faade4:   5b 24 48 c1 e3 03 48 8b 5b 10 48 85 db 0f 84 10
0x000001ba53faadf4:   00 00 00 41 80 bf d8 05 00 00 00 74 03 ff 63 38
0x000001ba53faae04:   ff 63 50 e9 f4 15 00 00 66 66 66 0f 1f 84 00 00
0x000001ba53faae14:   00 00 00 66 66 66 90 0f 1f 44 00 00 48 8b 53 08
0x000001ba53faae24:   0f b7 52 2e 48 8b 0c d4 58 5b 50 48 3b 01 8b 5b
0x000001ba53faae34:   24 48 c1 e3 03 48 8b 5b 10 48 85 db 0f 84 10 00
0x000001ba53faae44:   00 00 41 80 bf d8 05 00 00 00 74 03 ff 63 38 ff
0x000001ba53faae54:   63 50 e9 a5 15 00 00 0f 1f 44 00 00 48 8b 53 08
0x000001ba53faae64:   0f b7 52 2e 48 8b 0c d4 58 5b 50 44 8b 51 08 49
0x000001ba53faae74:   bb 00 00 00 00 ba 01 00 00 4d 03 d3 8b 43 18 48
0x000001ba53faae84:   c1 e0 03 48 8b 40 10 48 8b 5b 10 45 8b 9a a0 00
0x000001ba53faae94:   00 00 4f 8d 9c da c0 01 00 00 4d 8d 14 da 49 8b 


Stack slot to memory mapping:

stack at sp + 0 slots: 0x000001ba53f79086 is at code_begin+3078 in an Interpreter codelet
return entry points  [0x000001ba53f78480, 0x000001ba53f7a298]  7704 bytes
stack at sp + 1 slots: 0x00000007055beef8 is an oop: chat.websocket.SendMessageMQReceiver 
{0x00000007055beef8} - klass: 'chat/websocket/SendMessageMQReceiver'
 - ---- fields (total size 3 words):
 - private 'roomSessionManager' 'Lchat/websocket/RoomSessionManager;' @12  a 'chat/websocket/RoomSessionManager'{0x00000007055bef10} (0xe0ab7de2)
 - private 'objectMapper' 'Lcom/fasterxml/jackson/databind/ObjectMapper;' @16  a 'com/fasterxml/jackson/databind/ObjectMapper'{0x00000007055bcf68} (0xe0ab79ed)
 - private 'webSocketServer' 'Lchat/websocket/WebSocketServer;' @20  a 'chat/websocket/WebSocketServer'{0x00000007055bef20} (0xe0ab7de4)
stack at sp + 2 slots: 0x00000009125fe478 is pointing into the stack for thread: 0x000001ba6672c450
stack at sp + 3 slots: 0x000001ba0072953b is pointing into metadata
stack at sp + 4 slots: 0x0000000000000005 is an unknown value
stack at sp + 5 slots: 0x000001ba000b0fd8 is pointing into metadata
stack at sp + 6 slots: 0x0000000703989968 is an oop: java.lang.Class 
{0x0000000703989968} - klass: 'java/lang/Class'
 - ---- fields (total size 14 words):
 - private volatile transient 'classRedefinedCount' 'I' @12  0 (0x00000000)
 - injected 'klass' 'J' @16  0 (0x0000000000000000)
 - injected 'array_klass' 'J' @24  0 (0x0000000000000000)
 - injected 'oop_size' 'I' @32  14 (0x0000000e)
 - injected 'static_oop_field_count' 'I' @36  0 (0x00000000)
 - private volatile transient 'cachedConstructor' 'Ljava/lang/reflect/Constructor;' @40  null (0x00000000)
 - private transient 'name' 'Ljava/lang/String;' @44  "void"{0x000000070398a2b0} (0xe0731456)
 - private transient 'module' 'Ljava/lang/Module;' @48  a 'java/lang/Module'{0x000000070392ff28} (0xe0725fe5)
 - private final 'classLoader' 'Ljava/lang/ClassLoader;' @52  null (0x00000000)
 - private transient 'classData' 'Ljava/lang/Object;' @56  null (0x00000000)
 - private transient 'packageName' 'Ljava/lang/String;' @60  null (0x00000000)
 - private final 'componentType' 'Ljava/lang/Class;' @64  null (0x00000000)
 - private volatile transient 'reflectionData' 'Ljava/lang/ref/SoftReference;' @68  null (0x00000000)
 - private volatile transient 'genericInfo' 'Lsun/reflect/generics/repository/ClassRepository;' @72  null (0x00000000)
 - private volatile transient 'enumConstants' '[Ljava/lang/Object;' @76  null (0x00000000)
 - private volatile transient 'enumConstantDirectory' 'Ljava/util/Map;' @80  null (0x00000000)
 - private volatile transient 'annotationData' 'Ljava/lang/Class$AnnotationData;' @84  null (0x00000000)
 - private volatile transient 'annotationType' 'Lsun/reflect/annotation/AnnotationType;' @88  null (0x00000000)
 - transient 'classValueMap' 'Ljava/lang/ClassValue$ClassValueMap;' @92  null (0x00000000)
 - injected 'protection_domain' 'Ljava/lang/Object;' @96  null (0x00000000)
 - injected 'signers_name' 'Ljava/lang/Object;' @100  null (0x00000000)
 - injected 'source_file' 'Ljava/lang/Object;' @104  null (0x00000000)
 - injected '<init_lock>' 'Ljava/lang/Object;' @108  null (0x00000000)
 - signature: V
stack at sp + 7 slots: 0x000000070395f6a0 is an oop: java.lang.Class 
{0x000000070395f6a0} - klass: 'java/lang/Class'
 - ---- fields (total size 14 words):
 - private volatile transient 'classRedefinedCount' 'I' @12  0 (0x00000000)
 - injected 'klass' 'J' @16  1898376268720 (0x000001ba000b0bb0)
 - injected 'array_klass' 'J' @24  0 (0x0000000000000000)
 - injected 'oop_size' 'I' @32  14 (0x0000000e)
 - injected 'static_oop_field_count' 'I' @36  0 (0x00000000)
 - private volatile transient 'cachedConstructor' 'Ljava/lang/reflect/Constructor;' @40  null (0x00000000)
 - private transient 'name' 'Ljava/lang/String;' @44  null (0x00000000)
 - private transient 'module' 'Ljava/lang/Module;' @48  a 'java/lang/Module'{0x000000070392ff28} (0xe0725fe5)
 - private final 'classLoader' 'Ljava/lang/ClassLoader;' @52  null (0x00000000)
 - private transient 'classData' 'Ljava/lang/Object;' @56  null (0x00000000)
 - private transient 'packageName' 'Ljava/lang/String;' @60  null (0x00000000)
 - private final 'componentType' 'Ljava/lang/Class;' @64  null (0x00000000)
 - private volatile transient 'reflectionData' 'Ljava/lang/ref/SoftReference;' @68  null (0x00000000)
 - private volatile transient 'genericInfo' 'Lsun/reflect/generics/repository/ClassRepository;' @72  null (0x00000000)
 - private volatile transient 'enumConstants' '[Ljava/lang/Object;' @76  null (0x00000000)
 - private volatile transient 'enumConstantDirectory' 'Ljava/util/Map;' @80  null (0x00000000)
 - private volatile transient 'annotationData' 'Ljava/lang/Class$AnnotationData;' @84  null (0x00000000)
 - private volatile transient 'annotationType' 'Lsun/reflect/annotation/AnnotationType;' @88  null (0x00000000)
 - transient 'classValueMap' 'Ljava/lang/ClassValue$ClassValueMap;' @92  null (0x00000000)
 - injected 'protection_domain' 'Ljava/lang/Object;' @96  null (0x00000000)
 - injected 'signers_name' 'Ljava/lang/Object;' @100  null (0x00000000)
 - injected 'source_file' 'Ljava/lang/Object;' @104  null (0x00000000)
 - injected '<init_lock>' 'Ljava/lang/Object;' @108  null (0x00000000)
 - signature: Ljava/lang/invoke/DirectMethodHandle$Holder;
 - ---- static fields (0):

MethodHandle::interpreter_entry::_linkToVirtual [0x000001ba53faad63, 0x000001ba53faadca] (103 bytes)
[MachCode]
  0x000001ba53faad63: 6666 660f | 1f84 0000 | 0000 0066 | 6666 9066 | 660f 1f84 | 0000 0000 | 0066 6666 | 9048 8b53 
  0x000001ba53faad83: 080f b752 | 2e48 8b0c | d458 5b50 | 448b 5108 | 49bb 0000 | 0000 ba01 | 0000 4d03 | d34c 8b5b 
  0x000001ba53faada3: 104b 8b9c | dac0 0100 | 0048 85db | 0f84 1000 | 0000 4180 | bfd8 0500 | 0000 7403 | ff63 38ff 
  0x000001ba53faadc3: 6350 e936 | 
[/MachCode]

---------------  P R O C E S S  ---------------

Threads class SMR info:
_java_thread_list=0x000001ba66b960e0, length=52, elements={
0x000001ba5eec2a30, 0x000001ba5eec3790, 0x000001ba5eec5a20, 0x000001ba5eec9760,
0x000001ba5eed33e0, 0x000001ba5eed4370, 0x000001ba5eedc410, 0x000001ba630db6a0,
0x000001ba6314d3f0, 0x000001ba6316e060, 0x000001ba63170660, 0x000001ba639b95f0,
0x000001ba63b7cb40, 0x000001ba63b87eb0, 0x000001ba63b9ef40, 0x000001ba63e171a0,
0x000001ba641089b0, 0x000001ba6410a0c0, 0x000001ba6411c640, 0x000001ba64e1ae30,
0x000001ba64e1b4c0, 0x000001ba64e1bb50, 0x000001ba64e1d590, 0x000001ba64e1c870,
0x000001ba6672de90, 0x000001ba6672d800, 0x000001ba6672b0a0, 0x000001ba66728fd0,
0x000001ba6672e520, 0x000001ba6672ff60, 0x000001ba6672ebb0, 0x000001ba6672cae0,
0x000001ba6672d170, 0x000001ba6672b730, 0x000001ba66729cf0, 0x000001ba6672f240,
0x000001ba66729660, 0x000001ba667305f0, 0x000001ba6672bdc0, 0x000001ba6672a380,
0x000001ba6672c450, 0x000001ba667257f0, 0x000001ba667278c0, 0x000001ba66723db0,
0x000001ba66725e80, 0x000001ba66726510, 0x000001ba66724440, 0x000001ba66726ba0,
0x000001ba66727230, 0x000001ba66722a00, 0x000001ba66727f50, 0x000001ba66720fc0
}

Java Threads: ( => current thread )
  0x000001ba5eec2a30 JavaThread "Reference Handler"          daemon [_thread_blocked, id=20384, stack(0x000000090ed00000,0x000000090ee00000) (1024K)]
  0x000001ba5eec3790 JavaThread "Finalizer"                  daemon [_thread_blocked, id=20108, stack(0x000000090ee00000,0x000000090ef00000) (1024K)]
  0x000001ba5eec5a20 JavaThread "Signal Dispatcher"          daemon [_thread_blocked, id=23072, stack(0x000000090ef00000,0x000000090f000000) (1024K)]
  0x000001ba5eec9760 JavaThread "Attach Listener"            daemon [_thread_blocked, id=23296, stack(0x000000090f000000,0x000000090f100000) (1024K)]
  0x000001ba5eed33e0 JavaThread "Service Thread"             daemon [_thread_blocked, id=22576, stack(0x000000090f100000,0x000000090f200000) (1024K)]
  0x000001ba5eed4370 JavaThread "Monitor Deflation Thread"   daemon [_thread_blocked, id=19148, stack(0x000000090f200000,0x000000090f300000) (1024K)]
  0x000001ba5eedc410 JavaThread "C1 CompilerThread0"         daemon [_thread_blocked, id=23044, stack(0x000000090f300000,0x000000090f400000) (1024K)]
  0x000001ba630db6a0 JavaThread "Common-Cleaner"             daemon [_thread_blocked, id=14120, stack(0x000000090f400000,0x000000090f500000) (1024K)]
  0x000001ba6314d3f0 JavaThread "JDWP Transport Listener: dt_socket" daemon [_thread_blocked, id=9412, stack(0x000000090f700000,0x000000090f800000) (1024K)]
  0x000001ba6316e060 JavaThread "JDWP Event Helper Thread"   daemon [_thread_blocked, id=18920, stack(0x000000090f800000,0x000000090f900000) (1024K)]
  0x000001ba63170660 JavaThread "JDWP Command Reader"        daemon [_thread_in_native, id=21220, stack(0x000000090f900000,0x000000090fa00000) (1024K)]
  0x000001ba639b95f0 JavaThread "Notification Thread"        daemon [_thread_blocked, id=19680, stack(0x000000090fa00000,0x000000090fb00000) (1024K)]
  0x000001ba63b7cb40 JavaThread "RMI TCP Accept-0"           daemon [_thread_in_native, id=4836, stack(0x0000000910300000,0x0000000910400000) (1024K)]
  0x000001ba63b87eb0 JavaThread "RMI TCP Accept-65485"       daemon [_thread_in_native, id=22232, stack(0x0000000910400000,0x0000000910500000) (1024K)]
  0x000001ba63b9ef40 JavaThread "RMI TCP Accept-0"           daemon [_thread_in_native, id=23108, stack(0x0000000910500000,0x0000000910600000) (1024K)]
  0x000001ba63e171a0 JavaThread "RMI TCP Connection(idle)"   daemon [_thread_blocked, id=20856, stack(0x0000000910600000,0x0000000910700000) (1024K)]
  0x000001ba641089b0 JavaThread "RMI Scheduler(0)"           daemon [_thread_blocked, id=19816, stack(0x0000000910700000,0x0000000910800000) (1024K)]
  0x000001ba6410a0c0 JavaThread "RMI TCP Connection(idle)"   daemon [_thread_blocked, id=12036, stack(0x0000000910800000,0x0000000910900000) (1024K)]
  0x000001ba6411c640 JavaThread "JMX server connection timeout 39" daemon [_thread_blocked, id=7644, stack(0x0000000910900000,0x0000000910a00000) (1024K)]
  0x000001ba64e1ae30 JavaThread "Catalina-utility-1"                [_thread_blocked, id=20144, stack(0x0000000910c00000,0x0000000910d00000) (1024K)]
  0x000001ba64e1b4c0 JavaThread "Catalina-utility-2"                [_thread_blocked, id=18624, stack(0x0000000910f00000,0x0000000911000000) (1024K)]
  0x000001ba64e1bb50 JavaThread "container-0"                       [_thread_blocked, id=20924, stack(0x0000000911000000,0x0000000911100000) (1024K)]
  0x000001ba64e1d590 JavaThread "mysql-cj-abandoned-connection-cleanup" daemon [_thread_blocked, id=1532, stack(0x0000000911100000,0x0000000911200000) (1024K)]
  0x000001ba64e1c870 JavaThread "HikariPool-1 housekeeper"   daemon [_thread_blocked, id=21044, stack(0x0000000911300000,0x0000000911400000) (1024K)]
  0x000001ba6672de90 JavaThread "http-nio-8089-exec-1"       daemon [_thread_blocked, id=13160, stack(0x0000000911500000,0x0000000911600000) (1024K)]
  0x000001ba6672d800 JavaThread "http-nio-8089-exec-2"       daemon [_thread_blocked, id=10496, stack(0x0000000911600000,0x0000000911700000) (1024K)]
  0x000001ba6672b0a0 JavaThread "http-nio-8089-exec-3"       daemon [_thread_blocked, id=13848, stack(0x0000000911700000,0x0000000911800000) (1024K)]
  0x000001ba66728fd0 JavaThread "http-nio-8089-exec-4"       daemon [_thread_blocked, id=5264, stack(0x0000000911800000,0x0000000911900000) (1024K)]
  0x000001ba6672e520 JavaThread "http-nio-8089-exec-5"       daemon [_thread_blocked, id=20928, stack(0x0000000911900000,0x0000000911a00000) (1024K)]
  0x000001ba6672ff60 JavaThread "http-nio-8089-exec-6"       daemon [_thread_blocked, id=23196, stack(0x0000000911a00000,0x0000000911b00000) (1024K)]
  0x000001ba6672ebb0 JavaThread "http-nio-8089-exec-7"       daemon [_thread_blocked, id=19512, stack(0x0000000911b00000,0x0000000911c00000) (1024K)]
  0x000001ba6672cae0 JavaThread "http-nio-8089-exec-8"       daemon [_thread_blocked, id=6584, stack(0x0000000911c00000,0x0000000911d00000) (1024K)]
  0x000001ba6672d170 JavaThread "http-nio-8089-exec-9"       daemon [_thread_blocked, id=2036, stack(0x0000000911d00000,0x0000000911e00000) (1024K)]
  0x000001ba6672b730 JavaThread "http-nio-8089-exec-10"      daemon [_thread_blocked, id=9564, stack(0x0000000911e00000,0x0000000911f00000) (1024K)]
  0x000001ba66729cf0 JavaThread "http-nio-8089-Poller"       daemon [_thread_in_native, id=21172, stack(0x0000000911f00000,0x0000000912000000) (1024K)]
  0x000001ba6672f240 JavaThread "http-nio-8089-Acceptor"     daemon [_thread_in_native, id=21464, stack(0x0000000912000000,0x0000000912100000) (1024K)]
  0x000001ba66729660 JavaThread "AMQP Connection 127.0.0.1:5672"        [_thread_in_native, id=11156, stack(0x0000000912100000,0x0000000912200000) (1024K)]
  0x000001ba667305f0 JavaThread "pool-1-thread-2"                   [_thread_blocked, id=1316, stack(0x0000000912200000,0x0000000912300000) (1024K)]
  0x000001ba6672bdc0 JavaThread "org.springframework.amqp.rabbit.RabbitListenerEndpointContainer#0-1"        [_thread_blocked, id=18828, stack(0x0000000912300000,0x0000000912400000) (1024K)]
  0x000001ba6672a380 JavaThread "pool-1-thread-3"                   [_thread_blocked, id=5032, stack(0x0000000912400000,0x0000000912500000) (1024K)]
=>0x000001ba6672c450 JavaThread "org.springframework.amqp.rabbit.RabbitListenerEndpointContainer#1-1"        [_thread_in_Java, id=20064, stack(0x0000000912500000,0x0000000912600000) (1024K)]
  0x000001ba667257f0 JavaThread "pool-1-thread-4"                   [_thread_blocked, id=19856, stack(0x0000000912600000,0x0000000912700000) (1024K)]
  0x000001ba667278c0 JavaThread "DestroyJavaVM"                     [_thread_blocked, id=18992, stack(0x000000090e500000,0x000000090e600000) (1024K)]
  0x000001ba66723db0 JavaThread "RMI TCP Connection(idle)"   daemon [_thread_blocked, id=5044, stack(0x0000000912800000,0x0000000912900000) (1024K)]
  0x000001ba66725e80 JavaThread "RMI TCP Connection(idle)"   daemon [_thread_blocked, id=20988, stack(0x0000000912900000,0x0000000912a00000) (1024K)]
  0x000001ba66726510 JavaThread "RMI TCP Connection(idle)"   daemon [_thread_blocked, id=21988, stack(0x0000000912a00000,0x0000000912b00000) (1024K)]
  0x000001ba66724440 JavaThread "RMI TCP Connection(idle)"   daemon [_thread_blocked, id=13640, stack(0x0000000912b00000,0x0000000912c00000) (1024K)]
  0x000001ba66726ba0 JavaThread "RMI TCP Connection(idle)"   daemon [_thread_blocked, id=21372, stack(0x0000000912d00000,0x0000000912e00000) (1024K)]
  0x000001ba66727230 JavaThread "RMI TCP Connection(idle)"   daemon [_thread_blocked, id=2096, stack(0x0000000912f00000,0x0000000913000000) (1024K)]
  0x000001ba66722a00 JavaThread "WebSocket background processing" daemon [_thread_blocked, id=21768, stack(0x0000000911400000,0x0000000911500000) (1024K)]
  0x000001ba66727f50 JavaThread "pool-1-thread-5"                   [_thread_blocked, id=20760, stack(0x000000090f600000,0x000000090f700000) (1024K)]
  0x000001ba66720fc0 JavaThread "pool-1-thread-6"                   [_thread_blocked, id=9556, stack(0x0000000910b00000,0x0000000910c00000) (1024K)]
Total: 52

Other Threads:
  0x000001ba5eea0ac0 VMThread "VM Thread"                           [id=11780, stack(0x000000090ec00000,0x000000090ed00000) (1024K)]
  0x000001ba5ee912e0 WatcherThread "VM Periodic Task Thread"        [id=21952, stack(0x000000090eb00000,0x000000090ec00000) (1024K)]
  0x000001ba504d88f0 WorkerThread "GC Thread#0"                     [id=18984, stack(0x000000090e600000,0x000000090e700000) (1024K)]
  0x000001ba63b4ba40 WorkerThread "GC Thread#1"                     [id=18132, stack(0x000000090fb00000,0x000000090fc00000) (1024K)]
  0x000001ba63b4bde0 WorkerThread "GC Thread#2"                     [id=22548, stack(0x000000090fc00000,0x000000090fd00000) (1024K)]
  0x000001ba63b4c180 WorkerThread "GC Thread#3"                     [id=18300, stack(0x000000090fd00000,0x000000090fe00000) (1024K)]
  0x000001ba63b4c930 WorkerThread "GC Thread#4"                     [id=15148, stack(0x000000090fe00000,0x000000090ff00000) (1024K)]
  0x000001ba63b4d2f0 WorkerThread "GC Thread#5"                     [id=16116, stack(0x000000090ff00000,0x0000000910000000) (1024K)]
  0x000001ba63b73d40 WorkerThread "GC Thread#6"                     [id=13272, stack(0x0000000910000000,0x0000000910100000) (1024K)]
  0x000001ba63b740e0 WorkerThread "GC Thread#7"                     [id=19796, stack(0x0000000910100000,0x0000000910200000) (1024K)]
  0x000001ba63b75a90 WorkerThread "GC Thread#8"                     [id=5148, stack(0x0000000910200000,0x0000000910300000) (1024K)]
  0x000001ba63b75e30 WorkerThread "GC Thread#9"                     [id=12332, stack(0x0000000910a00000,0x0000000910b00000) (1024K)]
  0x000001ba504ebde0 ConcurrentGCThread "G1 Main Marker"            [id=5316, stack(0x000000090e700000,0x000000090e800000) (1024K)]
  0x000001ba504ed000 WorkerThread "G1 Conc#0"                       [id=14624, stack(0x000000090e800000,0x000000090e900000) (1024K)]
  0x000001ba63b75350 WorkerThread "G1 Conc#1"                       [id=10976, stack(0x0000000910d00000,0x0000000910e00000) (1024K)]
  0x000001ba63b756f0 WorkerThread "G1 Conc#2"                       [id=12788, stack(0x0000000910e00000,0x0000000910f00000) (1024K)]
  0x000001ba5ed63b40 ConcurrentGCThread "G1 Refine#0"               [id=8856, stack(0x000000090e900000,0x000000090ea00000) (1024K)]
  0x000001ba5ed645c0 ConcurrentGCThread "G1 Service"                [id=20308, stack(0x000000090ea00000,0x000000090eb00000) (1024K)]
Total: 18

Threads with active compile tasks:
Total: 0

VM state: not at safepoint (normal execution)

VM Mutex/Monitor currently owned by a thread: None

Heap address: 0x0000000703600000, size: 4042 MB, Compressed Oops mode: Zero based, Oop shift amount: 3

CDS archive(s) mapped at: [0x000001ba00000000-0x000001ba00c80000-0x000001ba00c80000), size 13107200, SharedBaseAddress: 0x000001ba00000000, ArchiveRelocationMode: 1.
Compressed class space mapped at: 0x000001ba01000000-0x000001ba41000000, reserved size: 1073741824
Narrow klass base: 0x000001ba00000000, Narrow klass shift: 0, Narrow klass range: 0x100000000

GC Precious Log:
 CardTable entry size: 512
 Card Set container configuration: InlinePtr #cards 4 size 8 Array Of Cards #cards 16 size 48 Howl #buckets 8 coarsen threshold 3686 Howl Bitmap #cards 512 size 80 coarsen threshold 460 Card regions per heap region 1 cards per card region 4096
 CPUs: 12 total, 12 available
 Memory: 16163M
 Large Page Support: Disabled
 NUMA Support: Disabled
 Compressed Oops: Enabled (Zero based)
 Heap Region Size: 2M
 Heap Min Capacity: 8M
 Heap Initial Capacity: 254M
 Heap Max Capacity: 4042M
 Pre-touch: Disabled
 Parallel Workers: 10
 Concurrent Workers: 3
 Concurrent Refinement Workers: 10
 Periodic GC: Disabled

Heap:
 garbage-first heap   total 131072K, used 64124K [0x0000000703600000, 0x0000000800000000)
  region size 2048K, 15 young (30720K), 3 survivors (6144K)
 Metaspace       used 84065K, committed 84928K, reserved 1179648K
  class space    used 11844K, committed 12224K, reserved 1048576K

Heap Regions: E=young(eden), S=young(survivor), O=old, HS=humongous(starts), HC=humongous(continues), CS=collection set, F=free, TAMS=top-at-mark-start, PB=parsable bottom
|   0|0x0000000703600000, 0x0000000703800000, 0x0000000703800000|100%| O|  |TAMS 0x0000000703600000| PB 0x0000000703600000| Untracked 
|   1|0x0000000703800000, 0x0000000703a00000, 0x0000000703a00000|100%| O|  |TAMS 0x0000000703800000| PB 0x0000000703800000| Untracked 
|   2|0x0000000703a00000, 0x0000000703c00000, 0x0000000703c00000|100%| O|  |TAMS 0x0000000703a00000| PB 0x0000000703a00000| Untracked 
|   3|0x0000000703c00000, 0x0000000703e00000, 0x0000000703e00000|100%| O|  |TAMS 0x0000000703c00000| PB 0x0000000703c00000| Untracked 
|   4|0x0000000703e00000, 0x0000000704000000, 0x0000000704000000|100%| O|  |TAMS 0x0000000703e00000| PB 0x0000000703e00000| Untracked 
|   5|0x0000000704000000, 0x0000000704200000, 0x0000000704200000|100%| O|  |TAMS 0x0000000704000000| PB 0x0000000704000000| Untracked 
|   6|0x0000000704200000, 0x0000000704400000, 0x0000000704400000|100%| O|  |TAMS 0x0000000704200000| PB 0x0000000704200000| Untracked 
|   7|0x0000000704400000, 0x0000000704600000, 0x0000000704600000|100%| O|  |TAMS 0x0000000704400000| PB 0x0000000704400000| Untracked 
|   8|0x0000000704600000, 0x0000000704800000, 0x0000000704800000|100%| O|Cm|TAMS 0x0000000704600000| PB 0x0000000704600000| Complete 
|   9|0x0000000704800000, 0x0000000704a00000, 0x0000000704a00000|100%| O|  |TAMS 0x0000000704800000| PB 0x0000000704800000| Untracked 
|  10|0x0000000704a00000, 0x0000000704c00000, 0x0000000704c00000|100%| O|  |TAMS 0x0000000704a00000| PB 0x0000000704a00000| Untracked 
|  11|0x0000000704c00000, 0x0000000704e00000, 0x0000000704e00000|100%| O|  |TAMS 0x0000000704c00000| PB 0x0000000704c00000| Untracked 
|  12|0x0000000704e00000, 0x0000000705000000, 0x0000000705000000|100%| O|  |TAMS 0x0000000704e00000| PB 0x0000000704e00000| Untracked 
|  13|0x0000000705000000, 0x0000000705200000, 0x0000000705200000|100%| O|  |TAMS 0x0000000705000000| PB 0x0000000705000000| Untracked 
|  14|0x0000000705200000, 0x0000000705400000, 0x0000000705400000|100%| O|  |TAMS 0x0000000705200000| PB 0x0000000705200000| Untracked 
|  15|0x0000000705400000, 0x0000000705600000, 0x0000000705600000|100%| O|  |TAMS 0x0000000705400000| PB 0x0000000705400000| Untracked 
|  16|0x0000000705600000, 0x0000000705800000, 0x0000000705800000|100%| O|  |TAMS 0x0000000705600000| PB 0x0000000705600000| Untracked 
|  17|0x0000000705800000, 0x000000070590c680, 0x0000000705a00000| 52%| O|  |TAMS 0x0000000705800000| PB 0x0000000705800000| Untracked 
|  18|0x0000000705a00000, 0x0000000705a00000, 0x0000000705c00000|  0%| F|  |TAMS 0x0000000705a00000| PB 0x0000000705a00000| Untracked 
|  19|0x0000000705c00000, 0x0000000705c00000, 0x0000000705e00000|  0%| F|  |TAMS 0x0000000705c00000| PB 0x0000000705c00000| Untracked 
|  20|0x0000000705e00000, 0x0000000705e00000, 0x0000000706000000|  0%| F|  |TAMS 0x0000000705e00000| PB 0x0000000705e00000| Untracked 
|  21|0x0000000706000000, 0x0000000706000000, 0x0000000706200000|  0%| F|  |TAMS 0x0000000706000000| PB 0x0000000706000000| Untracked 
|  22|0x0000000706200000, 0x0000000706200000, 0x0000000706400000|  0%| F|  |TAMS 0x0000000706200000| PB 0x0000000706200000| Untracked 
|  23|0x0000000706400000, 0x0000000706400000, 0x0000000706600000|  0%| F|  |TAMS 0x0000000706400000| PB 0x0000000706400000| Untracked 
|  24|0x0000000706600000, 0x00000007067929c8, 0x0000000706800000| 78%| S|CS|TAMS 0x0000000706600000| PB 0x0000000706600000| Complete 
|  25|0x0000000706800000, 0x0000000706800000, 0x0000000706a00000|  0%| F|  |TAMS 0x0000000706800000| PB 0x0000000706800000| Untracked 
|  26|0x0000000706a00000, 0x0000000706a00000, 0x0000000706c00000|  0%| F|  |TAMS 0x0000000706a00000| PB 0x0000000706a00000| Untracked 
|  27|0x0000000706c00000, 0x0000000706c00000, 0x0000000706e00000|  0%| F|  |TAMS 0x0000000706c00000| PB 0x0000000706c00000| Untracked 
|  28|0x0000000706e00000, 0x0000000707000000, 0x0000000707000000|100%| S|CS|TAMS 0x0000000706e00000| PB 0x0000000706e00000| Complete 
|  29|0x0000000707000000, 0x0000000707200000, 0x0000000707200000|100%| S|CS|TAMS 0x0000000707000000| PB 0x0000000707000000| Complete 
|  30|0x0000000707200000, 0x0000000707200000, 0x0000000707400000|  0%| F|  |TAMS 0x0000000707200000| PB 0x0000000707200000| Untracked 
|  31|0x0000000707400000, 0x0000000707400000, 0x0000000707600000|  0%| F|  |TAMS 0x0000000707400000| PB 0x0000000707400000| Untracked 
|  32|0x0000000707600000, 0x0000000707600000, 0x0000000707800000|  0%| F|  |TAMS 0x0000000707600000| PB 0x0000000707600000| Untracked 
|  33|0x0000000707800000, 0x0000000707800000, 0x0000000707a00000|  0%| F|  |TAMS 0x0000000707800000| PB 0x0000000707800000| Untracked 
|  34|0x0000000707a00000, 0x0000000707a00000, 0x0000000707c00000|  0%| F|  |TAMS 0x0000000707a00000| PB 0x0000000707a00000| Untracked 
|  35|0x0000000707c00000, 0x0000000707c00000, 0x0000000707e00000|  0%| F|  |TAMS 0x0000000707c00000| PB 0x0000000707c00000| Untracked 
|  36|0x0000000707e00000, 0x0000000707e00000, 0x0000000708000000|  0%| F|  |TAMS 0x0000000707e00000| PB 0x0000000707e00000| Untracked 
|  37|0x0000000708000000, 0x0000000708000000, 0x0000000708200000|  0%| F|  |TAMS 0x0000000708000000| PB 0x0000000708000000| Untracked 
|  38|0x0000000708200000, 0x0000000708200000, 0x0000000708400000|  0%| F|  |TAMS 0x0000000708200000| PB 0x0000000708200000| Untracked 
|  39|0x0000000708400000, 0x0000000708400000, 0x0000000708600000|  0%| F|  |TAMS 0x0000000708400000| PB 0x0000000708400000| Untracked 
|  40|0x0000000708600000, 0x0000000708600000, 0x0000000708800000|  0%| F|  |TAMS 0x0000000708600000| PB 0x0000000708600000| Untracked 
|  41|0x0000000708800000, 0x0000000708800000, 0x0000000708a00000|  0%| F|  |TAMS 0x0000000708800000| PB 0x0000000708800000| Untracked 
|  42|0x0000000708a00000, 0x0000000708a00000, 0x0000000708c00000|  0%| F|  |TAMS 0x0000000708a00000| PB 0x0000000708a00000| Untracked 
|  43|0x0000000708c00000, 0x0000000708c00000, 0x0000000708e00000|  0%| F|  |TAMS 0x0000000708c00000| PB 0x0000000708c00000| Untracked 
|  44|0x0000000708e00000, 0x0000000708e00000, 0x0000000709000000|  0%| F|  |TAMS 0x0000000708e00000| PB 0x0000000708e00000| Untracked 
|  45|0x0000000709000000, 0x0000000709000000, 0x0000000709200000|  0%| F|  |TAMS 0x0000000709000000| PB 0x0000000709000000| Untracked 
|  46|0x0000000709200000, 0x0000000709200000, 0x0000000709400000|  0%| F|  |TAMS 0x0000000709200000| PB 0x0000000709200000| Untracked 
|  47|0x0000000709400000, 0x0000000709400000, 0x0000000709600000|  0%| F|  |TAMS 0x0000000709400000| PB 0x0000000709400000| Untracked 
|  48|0x0000000709600000, 0x0000000709600000, 0x0000000709800000|  0%| F|  |TAMS 0x0000000709600000| PB 0x0000000709600000| Untracked 
|  49|0x0000000709800000, 0x0000000709800000, 0x0000000709a00000|  0%| F|  |TAMS 0x0000000709800000| PB 0x0000000709800000| Untracked 
|  50|0x0000000709a00000, 0x0000000709a00000, 0x0000000709c00000|  0%| F|  |TAMS 0x0000000709a00000| PB 0x0000000709a00000| Untracked 
|  51|0x0000000709c00000, 0x0000000709c00000, 0x0000000709e00000|  0%| F|  |TAMS 0x0000000709c00000| PB 0x0000000709c00000| Untracked 
|  52|0x0000000709e00000, 0x0000000709fe25f0, 0x000000070a000000| 94%| E|  |TAMS 0x0000000709e00000| PB 0x0000000709e00000| Complete 
|  53|0x000000070a000000, 0x000000070a200000, 0x000000070a200000|100%| E|CS|TAMS 0x000000070a000000| PB 0x000000070a000000| Complete 
|  54|0x000000070a200000, 0x000000070a400000, 0x000000070a400000|100%| E|CS|TAMS 0x000000070a200000| PB 0x000000070a200000| Complete 
|  55|0x000000070a400000, 0x000000070a600000, 0x000000070a600000|100%| E|CS|TAMS 0x000000070a400000| PB 0x000000070a400000| Complete 
|  56|0x000000070a600000, 0x000000070a800000, 0x000000070a800000|100%| E|CS|TAMS 0x000000070a600000| PB 0x000000070a600000| Complete 
|  57|0x000000070a800000, 0x000000070aa00000, 0x000000070aa00000|100%| E|CS|TAMS 0x000000070a800000| PB 0x000000070a800000| Complete 
|  58|0x000000070aa00000, 0x000000070ac00000, 0x000000070ac00000|100%| E|CS|TAMS 0x000000070aa00000| PB 0x000000070aa00000| Complete 
|  59|0x000000070ac00000, 0x000000070ae00000, 0x000000070ae00000|100%| E|CS|TAMS 0x000000070ac00000| PB 0x000000070ac00000| Complete 
|  60|0x000000070ae00000, 0x000000070b000000, 0x000000070b000000|100%| E|CS|TAMS 0x000000070ae00000| PB 0x000000070ae00000| Complete 
|  61|0x000000070b000000, 0x000000070b200000, 0x000000070b200000|100%| E|CS|TAMS 0x000000070b000000| PB 0x000000070b000000| Complete 
|  62|0x000000070b200000, 0x000000070b400000, 0x000000070b400000|100%| E|CS|TAMS 0x000000070b200000| PB 0x000000070b200000| Complete 
| 126|0x0000000713200000, 0x0000000713400000, 0x0000000713400000|100%| E|CS|TAMS 0x0000000713200000| PB 0x0000000713200000| Complete 

Card table byte_map: [0x000001ba57a90000,0x000001ba58280000] _byte_map_base: 0x000001ba54275000

Marking Bits: (CMBitMap*) 0x000001ba504d8f00
 Bits: [0x000001ba58280000, 0x000001ba5c1a8000)

Polling page: 0x000001ba4e450000

Metaspace:

Usage:
  Non-class:     70.53 MB used.
      Class:     11.57 MB used.
       Both:     82.09 MB used.

Virtual space:
  Non-class space:      128.00 MB reserved,      71.00 MB ( 55%) committed,  2 nodes.
      Class space:        1.00 GB reserved,      11.94 MB (  1%) committed,  1 nodes.
             Both:        1.12 GB reserved,      82.94 MB (  7%) committed. 

Chunk freelists:
   Non-Class:  8.72 MB
       Class:  3.95 MB
        Both:  12.67 MB

MaxMetaspaceSize: unlimited
CompressedClassSpaceSize: 1.00 GB
Initial GC threshold: 21.00 MB
Current GC threshold: 125.94 MB
CDS: on
 - commit_granule_bytes: 65536.
 - commit_granule_words: 8192.
 - virtual_space_node_default_size: 8388608.
 - enlarge_chunks_in_place: 1.
 - use_allocation_guard: 0.


Internal statistics:

num_allocs_failed_limit: 9.
num_arena_births: 1312.
num_arena_deaths: 0.
num_vsnodes_births: 3.
num_vsnodes_deaths: 0.
num_space_committed: 1327.
num_space_uncommitted: 0.
num_chunks_returned_to_freelist: 9.
num_chunks_taken_from_freelist: 4240.
num_chunk_merges: 9.
num_chunk_splits: 3110.
num_chunks_enlarged: 2448.
num_inconsistent_stats: 0.

CodeCache: size=49152Kb used=14361Kb max_used=15979Kb free=34790Kb
 bounds [0x000001ba53f70000, 0x000001ba54f10000, 0x000001ba56f70000]
 total_blobs=8314 nmethods=7540 adapters=697
 compilation: enabled
              stopped_count=0, restarted_count=0
 full_count=0

Compilation events (20 events):
Event: 17.600 Thread 0x000001ba5eedc410 7611       1       com.mysql.cj.protocol.ReadAheadInputStream::fill (284 bytes)
Event: 17.600 Thread 0x000001ba5eedc410 nmethod 7611 0x000001ba54e8a790 code [0x000001ba54e8aaa0, 0x000001ba54e8b2d0]
Event: 19.532 Thread 0x000001ba630dc3c0 7615       1       org.apache.tomcat.util.net.NioEndpoint$NioSocketWrapper::interestOps (5 bytes)
Event: 19.532 Thread 0x000001ba630dc3c0 nmethod 7615 0x000001ba54e89b90 code [0x000001ba54e89d20, 0x000001ba54e89de8]
Event: 20.404 Thread 0x000001ba5eedc410 7616       1       java.util.concurrent.locks.AbstractQueuedSynchronizer$ConditionObject::canReacquire (38 bytes)
Event: 20.405 Thread 0x000001ba5eedc410 nmethod 7616 0x000001ba54e89710 code [0x000001ba54e898a0, 0x000001ba54e89a10]
Event: 23.406 Thread 0x000001ba5eedc410 7617       1       java.util.concurrent.ThreadPoolExecutor::runStateAtLeast (11 bytes)
Event: 23.406 Thread 0x000001ba5eedc410 nmethod 7617 0x000001ba54e89410 code [0x000001ba54e895a0, 0x000001ba54e89658]
Event: 24.570 Thread 0x000001ba5eedc410 7618       1       org.apache.tomcat.util.net.NioEndpoint$NioSocketWrapper::interestOpsHas (16 bytes)
Event: 24.570 Thread 0x000001ba5eedc410 nmethod 7618 0x000001ba54e89110 code [0x000001ba54e892a0, 0x000001ba54e89380]
Event: 25.577 Thread 0x000001ba5eedc410 7619       1       java.nio.channels.SelectionKey::attachment (5 bytes)
Event: 25.577 Thread 0x000001ba5eedc410 nmethod 7619 0x000001ba54e88e10 code [0x000001ba54e88fa0, 0x000001ba54e89070]
Event: 27.412 Thread 0x000001ba5eedc410 7620       1       java.util.concurrent.locks.LockSupport::setBlocker (12 bytes)
Event: 27.412 Thread 0x000001ba5eedc410 nmethod 7620 0x000001ba54e88b10 code [0x000001ba54e88ca0, 0x000001ba54e88da8]
Event: 28.699 Thread 0x000001ba5eedc410 7621       1       java.util.concurrent.locks.AbstractQueuedSynchronizer$Node::<init> (5 bytes)
Event: 28.699 Thread 0x000001ba5eedc410 nmethod 7621 0x000001ba54e88810 code [0x000001ba54e889a0, 0x000001ba54e88a68]
Event: 29.615 Thread 0x000001ba5eedc410 7622       1       org.apache.tomcat.util.net.NioEndpoint$NioSocketWrapper::getLastRead (5 bytes)
Event: 29.615 Thread 0x000001ba5eedc410 nmethod 7622 0x000001ba54e88510 code [0x000001ba54e886a0, 0x000001ba54e88770]
Event: 29.615 Thread 0x000001ba5eedc410 7623       1       org.apache.tomcat.util.net.SocketWrapperBase::getReadTimeout (5 bytes)
Event: 29.615 Thread 0x000001ba5eedc410 nmethod 7623 0x000001ba54e88210 code [0x000001ba54e883a0, 0x000001ba54e88470]

GC Heap History (20 events):
Event: 2.313 GC heap before
{Heap before GC invocations=12 (full 0):
 garbage-first heap   total 161792K, used 112721K [0x0000000703600000, 0x0000000800000000)
  region size 2048K, 47 young (96256K), 2 survivors (4096K)
 Metaspace       used 40044K, committed 40640K, reserved 1114112K
  class space    used 5433K, committed 5696K, reserved 1048576K
}
Event: 2.316 GC heap after
{Heap after GC invocations=13 (full 0):
 garbage-first heap   total 161792K, used 22431K [0x0000000703600000, 0x0000000800000000)
  region size 2048K, 3 young (6144K), 3 survivors (6144K)
 Metaspace       used 40044K, committed 40640K, reserved 1114112K
  class space    used 5433K, committed 5696K, reserved 1048576K
}
Event: 2.548 GC heap before
{Heap before GC invocations=13 (full 0):
 garbage-first heap   total 161792K, used 75679K [0x0000000703600000, 0x0000000800000000)
  region size 2048K, 30 young (61440K), 3 survivors (6144K)
 Metaspace       used 45487K, committed 46016K, reserved 1114112K
  class space    used 6098K, committed 6336K, reserved 1048576K
}
Event: 2.551 GC heap after
{Heap after GC invocations=14 (full 0):
 garbage-first heap   total 161792K, used 24531K [0x0000000703600000, 0x0000000800000000)
  region size 2048K, 4 young (8192K), 4 survivors (8192K)
 Metaspace       used 45487K, committed 46016K, reserved 1114112K
  class space    used 6098K, committed 6336K, reserved 1048576K
}
Event: 2.770 GC heap before
{Heap before GC invocations=15 (full 0):
 garbage-first heap   total 90112K, used 69587K [0x0000000703600000, 0x0000000800000000)
  region size 2048K, 26 young (53248K), 4 survivors (8192K)
 Metaspace       used 49425K, committed 49984K, reserved 1114112K
  class space    used 6616K, committed 6848K, reserved 1048576K
}
Event: 2.774 GC heap after
{Heap after GC invocations=16 (full 0):
 garbage-first heap   total 90112K, used 25901K [0x0000000703600000, 0x0000000800000000)
  region size 2048K, 3 young (6144K), 3 survivors (6144K)
 Metaspace       used 49425K, committed 49984K, reserved 1114112K
  class space    used 6616K, committed 6848K, reserved 1048576K
}
Event: 3.005 GC heap before
{Heap before GC invocations=16 (full 0):
 garbage-first heap   total 90112K, used 70957K [0x0000000703600000, 0x0000000800000000)
  region size 2048K, 26 young (53248K), 3 survivors (6144K)
 Metaspace       used 54611K, committed 55232K, reserved 1114112K
  class space    used 7469K, committed 7744K, reserved 1048576K
}
Event: 3.008 GC heap after
{Heap after GC invocations=17 (full 0):
 garbage-first heap   total 90112K, used 26299K [0x0000000703600000, 0x0000000800000000)
  region size 2048K, 2 young (4096K), 2 survivors (4096K)
 Metaspace       used 54611K, committed 55232K, reserved 1114112K
  class space    used 7469K, committed 7744K, reserved 1048576K
}
Event: 3.281 GC heap before
{Heap before GC invocations=17 (full 0):
 garbage-first heap   total 90112K, used 75451K [0x0000000703600000, 0x0000000800000000)
  region size 2048K, 26 young (53248K), 2 survivors (4096K)
 Metaspace       used 58948K, committed 59584K, reserved 1114112K
  class space    used 8112K, committed 8384K, reserved 1048576K
}
Event: 3.284 GC heap after
{Heap after GC invocations=18 (full 0):
 garbage-first heap   total 108544K, used 27732K [0x0000000703600000, 0x0000000800000000)
  region size 2048K, 3 young (6144K), 3 survivors (6144K)
 Metaspace       used 58948K, committed 59584K, reserved 1114112K
  class space    used 8112K, committed 8384K, reserved 1048576K
}
Event: 3.563 GC heap before
{Heap before GC invocations=18 (full 0):
 garbage-first heap   total 108544K, used 83028K [0x0000000703600000, 0x0000000800000000)
  region size 2048K, 31 young (63488K), 3 survivors (6144K)
 Metaspace       used 63736K, committed 64448K, reserved 1114112K
  class space    used 8812K, committed 9152K, reserved 1048576K
}
Event: 3.567 GC heap after
{Heap after GC invocations=19 (full 0):
 garbage-first heap   total 108544K, used 30150K [0x0000000703600000, 0x0000000800000000)
  region size 2048K, 3 young (6144K), 3 survivors (6144K)
 Metaspace       used 63736K, committed 64448K, reserved 1114112K
  class space    used 8812K, committed 9152K, reserved 1048576K
}
Event: 3.794 GC heap before
{Heap before GC invocations=19 (full 0):
 garbage-first heap   total 108544K, used 87494K [0x0000000703600000, 0x0000000800000000)
  region size 2048K, 31 young (63488K), 3 survivors (6144K)
 Metaspace       used 67759K, committed 68480K, reserved 1114112K
  class space    used 9500K, committed 9856K, reserved 1048576K
}
Event: 3.797 GC heap after
{Heap after GC invocations=20 (full 0):
 garbage-first heap   total 108544K, used 32312K [0x0000000703600000, 0x0000000800000000)
  region size 2048K, 3 young (6144K), 3 survivors (6144K)
 Metaspace       used 67759K, committed 68480K, reserved 1114112K
  class space    used 9500K, committed 9856K, reserved 1048576K
}
Event: 4.120 GC heap before
{Heap before GC invocations=20 (full 0):
 garbage-first heap   total 108544K, used 89656K [0x0000000703600000, 0x0000000800000000)
  region size 2048K, 31 young (63488K), 3 survivors (6144K)
 Metaspace       used 73053K, committed 73856K, reserved 1114112K
  class space    used 10196K, committed 10560K, reserved 1048576K
}
Event: 4.124 GC heap after
{Heap after GC invocations=21 (full 0):
 garbage-first heap   total 108544K, used 36121K [0x0000000703600000, 0x0000000800000000)
  region size 2048K, 3 young (6144K), 3 survivors (6144K)
 Metaspace       used 73053K, committed 73856K, reserved 1114112K
  class space    used 10196K, committed 10560K, reserved 1048576K
}
Event: 4.423 GC heap before
{Heap before GC invocations=21 (full 0):
 garbage-first heap   total 108544K, used 85273K [0x0000000703600000, 0x0000000800000000)
  region size 2048K, 28 young (57344K), 3 survivors (6144K)
 Metaspace       used 76286K, committed 77056K, reserved 1179648K
  class space    used 10709K, committed 11072K, reserved 1048576K
}
Event: 4.427 GC heap after
{Heap after GC invocations=22 (full 0):
 garbage-first heap   total 131072K, used 39210K [0x0000000703600000, 0x0000000800000000)
  region size 2048K, 4 young (8192K), 4 survivors (8192K)
 Metaspace       used 76286K, committed 77056K, reserved 1179648K
  class space    used 10709K, committed 11072K, reserved 1048576K
}
Event: 12.529 GC heap before
{Heap before GC invocations=23 (full 0):
 garbage-first heap   total 131072K, used 106794K [0x0000000703600000, 0x0000000800000000)
  region size 2048K, 38 young (77824K), 4 survivors (8192K)
 Metaspace       used 82365K, committed 83200K, reserved 1179648K
  class space    used 11588K, committed 11968K, reserved 1048576K
}
Event: 12.533 GC heap after
{Heap after GC invocations=24 (full 0):
 garbage-first heap   total 131072K, used 41596K [0x0000000703600000, 0x0000000800000000)
  region size 2048K, 3 young (6144K), 3 survivors (6144K)
 Metaspace       used 82365K, committed 83200K, reserved 1179648K
  class space    used 11588K, committed 11968K, reserved 1048576K
}

Dll operation events (12 events):
Event: 0.018 Loaded shared library C:\Users\88693\Downloads\eclipse-jee-2024-09-R-win32-x86_64\eclipse\plugins\org.eclipse.justj.openjdk.hotspot.jre.full.win32.x86_64_21.0.5.v20241023-1957\jre\bin\java.dll
Event: 0.037 Loaded shared library C:\Users\88693\Downloads\eclipse-jee-2024-09-R-win32-x86_64\eclipse\plugins\org.eclipse.justj.openjdk.hotspot.jre.full.win32.x86_64_21.0.5.v20241023-1957\jre\bin\zip.dll
Event: 0.109 Loaded shared library C:\Users\88693\Downloads\eclipse-jee-2024-09-R-win32-x86_64\eclipse\plugins\org.eclipse.justj.openjdk.hotspot.jre.full.win32.x86_64_21.0.5.v20241023-1957\jre\bin\instrument.dll
Event: 0.112 Loaded shared library C:\Users\88693\Downloads\eclipse-jee-2024-09-R-win32-x86_64\eclipse\plugins\org.eclipse.justj.openjdk.hotspot.jre.full.win32.x86_64_21.0.5.v20241023-1957\jre\bin\net.dll
Event: 0.113 Loaded shared library C:\Users\88693\Downloads\eclipse-jee-2024-09-R-win32-x86_64\eclipse\plugins\org.eclipse.justj.openjdk.hotspot.jre.full.win32.x86_64_21.0.5.v20241023-1957\jre\bin\nio.dll
Event: 0.115 Loaded shared library C:\Users\88693\Downloads\eclipse-jee-2024-09-R-win32-x86_64\eclipse\plugins\org.eclipse.justj.openjdk.hotspot.jre.full.win32.x86_64_21.0.5.v20241023-1957\jre\bin\zip.dll
Event: 0.199 Loaded shared library C:\Users\88693\Downloads\eclipse-jee-2024-09-R-win32-x86_64\eclipse\plugins\org.eclipse.justj.openjdk.hotspot.jre.full.win32.x86_64_21.0.5.v20241023-1957\jre\bin\jimage.dll
Event: 0.229 Loaded shared library C:\Users\88693\Downloads\eclipse-jee-2024-09-R-win32-x86_64\eclipse\plugins\org.eclipse.justj.openjdk.hotspot.jre.full.win32.x86_64_21.0.5.v20241023-1957\jre\bin\management.dll
Event: 0.236 Loaded shared library C:\Users\88693\Downloads\eclipse-jee-2024-09-R-win32-x86_64\eclipse\plugins\org.eclipse.justj.openjdk.hotspot.jre.full.win32.x86_64_21.0.5.v20241023-1957\jre\bin\management_ext.dll
Event: 0.365 Loaded shared library C:\Users\88693\Downloads\eclipse-jee-2024-09-R-win32-x86_64\eclipse\plugins\org.eclipse.justj.openjdk.hotspot.jre.full.win32.x86_64_21.0.5.v20241023-1957\jre\bin\extnet.dll
Event: 0.380 Loaded shared library C:\Users\88693\Downloads\eclipse-jee-2024-09-R-win32-x86_64\eclipse\plugins\org.eclipse.justj.openjdk.hotspot.jre.full.win32.x86_64_21.0.5.v20241023-1957\jre\bin\verify.dll
Event: 0.972 Loaded shared library C:\Users\88693\Downloads\eclipse-jee-2024-09-R-win32-x86_64\eclipse\plugins\org.eclipse.justj.openjdk.hotspot.jre.full.win32.x86_64_21.0.5.v20241023-1957\jre\bin\sunmscapi.dll

Deoptimization events (20 events):
Event: 17.572 Thread 0x000001ba6672bdc0 DEOPT PACKING pc=0x000001ba5440c78c sp=0x00000009123fb5b0
Event: 17.572 Thread 0x000001ba6672bdc0 DEOPT UNPACKING pc=0x000001ba53fc88e2 sp=0x00000009123faa88 mode 1
Event: 17.594 Thread 0x000001ba6672bdc0 DEOPT PACKING pc=0x000001ba5445edd9 sp=0x00000009123fa920
Event: 17.594 Thread 0x000001ba6672bdc0 DEOPT UNPACKING pc=0x000001ba53fc88e2 sp=0x00000009123f9d78 mode 1
Event: 17.594 Thread 0x000001ba6672bdc0 DEOPT PACKING pc=0x000001ba544458ac sp=0x00000009123fa9b0
Event: 17.594 Thread 0x000001ba6672bdc0 DEOPT UNPACKING pc=0x000001ba53fc88e2 sp=0x00000009123f9e58 mode 1
Event: 17.594 Thread 0x000001ba6672bdc0 DEOPT PACKING pc=0x000001ba5440cb14 sp=0x00000009123fb430
Event: 17.594 Thread 0x000001ba6672bdc0 DEOPT UNPACKING pc=0x000001ba53fc88e2 sp=0x00000009123fa8f8 mode 1
Event: 17.594 Thread 0x000001ba6672bdc0 DEOPT PACKING pc=0x000001ba5440c78c sp=0x00000009123fb4c0
Event: 17.594 Thread 0x000001ba6672bdc0 DEOPT UNPACKING pc=0x000001ba53fc88e2 sp=0x00000009123fa998 mode 1
Event: 17.594 Thread 0x000001ba6672bdc0 DEOPT PACKING pc=0x000001ba5445edd9 sp=0x00000009123fa920
Event: 17.594 Thread 0x000001ba6672bdc0 DEOPT UNPACKING pc=0x000001ba53fc88e2 sp=0x00000009123f9d78 mode 1
Event: 17.594 Thread 0x000001ba6672bdc0 DEOPT PACKING pc=0x000001ba544458ac sp=0x00000009123fa9b0
Event: 17.594 Thread 0x000001ba6672bdc0 DEOPT UNPACKING pc=0x000001ba53fc88e2 sp=0x00000009123f9e58 mode 1
Event: 17.594 Thread 0x000001ba6672bdc0 DEOPT PACKING pc=0x000001ba5440cb14 sp=0x00000009123fb430
Event: 17.594 Thread 0x000001ba6672bdc0 DEOPT UNPACKING pc=0x000001ba53fc88e2 sp=0x00000009123fa8f8 mode 1
Event: 17.594 Thread 0x000001ba6672bdc0 DEOPT PACKING pc=0x000001ba5440c78c sp=0x00000009123fb4c0
Event: 17.595 Thread 0x000001ba6672bdc0 DEOPT UNPACKING pc=0x000001ba53fc88e2 sp=0x00000009123fa998 mode 1
Event: 31.780 Thread 0x000001ba6672c450 DEOPT PACKING pc=0x000001ba54eaed3c sp=0x00000009125fe480
Event: 31.780 Thread 0x000001ba6672c450 DEOPT UNPACKING pc=0x000001ba53fc88e2 sp=0x00000009125fd928 mode 0

Classes loaded (20 events):
Event: 12.476 Loading class java/util/OptionalDouble
Event: 12.477 Loading class java/util/OptionalDouble done
Event: 12.477 Loading class java/util/stream/LongStream
Event: 12.478 Loading class java/util/stream/LongStream done
Event: 12.478 Loading class java/util/stream/DoubleStream
Event: 12.478 Loading class java/util/stream/DoubleStream done
Event: 12.515 Loading class java/util/zip/DataFormatException
Event: 12.515 Loading class java/util/zip/DataFormatException done
Event: 12.515 Loading class java/util/zip/Deflater
Event: 12.515 Loading class java/util/zip/Deflater done
Event: 12.516 Loading class java/util/zip/Deflater$DeflaterZStreamRef
Event: 12.517 Loading class java/util/zip/Deflater$DeflaterZStreamRef done
Event: 12.525 Loading class java/util/zip/DeflaterOutputStream
Event: 12.525 Loading class java/util/zip/DeflaterOutputStream done
Event: 12.525 Loading class java/util/zip/GZIPInputStream
Event: 12.525 Loading class java/util/zip/GZIPInputStream done
Event: 12.526 Loading class java/util/zip/GZIPOutputStream
Event: 12.526 Loading class java/util/zip/GZIPOutputStream done
Event: 12.582 Loading class java/util/function/LongSupplier
Event: 12.582 Loading class java/util/function/LongSupplier done

Classes unloaded (0 events):
No events

Classes redefined (1 events):
Event: 31.796 Thread 0x000001ba5eea0ac0 redefined class name=chat.websocket.SendMessageMQReceiver, count=1

Internal exceptions (20 events):
Event: 4.388 Thread 0x000001ba50470bb0 Exception <a 'java/lang/NoSuchMethodError'{0x00000007076e5e70}: 'void java.lang.invoke.DirectMethodHandle$Holder.invokeSpecial(java.lang.Object, java.lang.Object, int)'> (0x00000007076e5e70) 
thrown [s\src\hotspot\share\interpreter\linkResolver.cpp, line 773]
Event: 4.390 Thread 0x000001ba50470bb0 Exception <a 'java/lang/NoSuchMethodError'{0x000000070770b038}: 'java.lang.Object java.lang.invoke.DirectMethodHandle$Holder.newInvokeSpecial(java.lang.Object, java.lang.Object, int, java.lang.Object, java.lang.Object)'> (0x000000070770b038) 
thrown [s\src\hotspot\share\interpreter\linkResolver.cpp, line 773]
Event: 4.475 Thread 0x000001ba50470bb0 Exception <a 'java/lang/NoSuchMethodError'{0x000000070af80360}: 'java.lang.Object java.lang.invoke.DelegatingMethodHandle$Holder.reinvoke_L(java.lang.Object, java.lang.Object, java.lang.Object, java.lang.Object, int, int, int, java.lang.Object)'> (0x000000070af80360) 
thrown [s\src\hotspot\share\interpreter\linkResolver.cpp, line 773]
Event: 4.479 Thread 0x000001ba50470bb0 Exception <a 'java/lang/NoSuchMethodError'{0x000000070afa49b0}: 'java.lang.Object java.lang.invoke.DirectMethodHandle$Holder.invokeInterface(java.lang.Object, java.lang.Object, java.lang.Object, int, int, int, java.lang.Object)'> (0x000000070afa49b0) 
thrown [s\src\hotspot\share\interpreter\linkResolver.cpp, line 773]
Event: 4.479 Thread 0x000001ba50470bb0 Exception <a 'java/lang/NoSuchMethodError'{0x000000070afa8b60}: 'java.lang.Object java.lang.invoke.DirectMethodHandle$Holder.invokeSpecial(java.lang.Object, java.lang.Object, java.lang.Object, java.lang.Object, int, int, int, java.lang.Object)'> (0x000000070afa8b60) 
thrown [s\src\hotspot\share\interpreter\linkResolver.cpp, line 773]
Event: 4.479 Thread 0x000001ba50470bb0 Exception <a 'java/lang/NoSuchMethodError'{0x000000070afac538}: 'java.lang.Object java.lang.invoke.DelegatingMethodHandle$Holder.reinvoke_L(java.lang.Object, java.lang.Object, java.lang.Object, int, int, int, java.lang.Object)'> (0x000000070afac538) 
thrown [s\src\hotspot\share\interpreter\linkResolver.cpp, line 773]
Event: 4.482 Thread 0x000001ba50470bb0 Exception <a 'java/lang/NoSuchMethodError'{0x000000070afceb58}: 'java.lang.Object java.lang.invoke.DirectMethodHandle$Holder.invokeInterface(java.lang.Object, java.lang.Object, java.lang.Object, java.lang.Object, java.lang.Object, java.lang.Object)'> (0x000000070afceb58) 
thrown [s\src\hotspot\share\interpreter\linkResolver.cpp, line 773]
Event: 4.495 Thread 0x000001ba6672bdc0 Exception <a 'java/lang/NoSuchMethodError'{0x000000070ada1ce0}: 'void java.lang.invoke.DirectMethodHandle$Holder.invokeInterface(java.lang.Object, java.lang.Object, int, int)'> (0x000000070ada1ce0) 
thrown [s\src\hotspot\share\interpreter\linkResolver.cpp, line 773]
Event: 4.496 Thread 0x000001ba6672bdc0 Exception <a 'java/lang/NoSuchMethodError'{0x000000070adc2e28}: 'void java.lang.invoke.DelegatingMethodHandle$Holder.reinvoke_L(java.lang.Object, java.lang.Object, int, int)'> (0x000000070adc2e28) 
thrown [s\src\hotspot\share\interpreter\linkResolver.cpp, line 773]
Event: 4.498 Thread 0x000001ba6672bdc0 Exception <a 'java/lang/NoSuchMethodError'{0x000000070adf90d8}: 'java.lang.Object java.lang.invoke.DelegatingMethodHandle$Holder.reinvoke_L(java.lang.Object, java.lang.Object, java.lang.Object, int, java.lang.Object, int, int, java.lang.Object, java.lang.Object)'> (0x000000070adf90d8) 
thrown [s\src\hotspot\share\interpreter\linkResolver.cpp, line 773]
Event: 4.774 Thread 0x000001ba6410a0c0 Exception <a 'java/lang/NoSuchMethodError'{0x000000070a8657e8}: 'java.lang.Object java.lang.invoke.DirectMethodHandle$Holder.invokeInterface(java.lang.Object, java.lang.Object, java.lang.Object, java.lang.Object, java.lang.Object, java.lang.Object, java.lang.Object)'> (0x000000070a8657e8) 
thrown [s\src\hotspot\share\interpreter\linkResolver.cpp, line 773]
Event: 12.085 Thread 0x000001ba6672de90 Exception <a 'java/lang/NoSuchMethodError'{0x000000070a24cb88}: 'java.lang.Object java.lang.invoke.DirectMethodHandle$Holder.invokeSpecial(java.lang.Object, java.lang.Object, java.lang.Object, java.lang.Object, java.lang.Object, long)'> (0x000000070a24cb88) 
thrown [s\src\hotspot\share\interpreter\linkResolver.cpp, line 773]
Event: 12.085 Thread 0x000001ba6672de90 Exception <a 'java/lang/NoSuchMethodError'{0x000000070a250368}: 'java.lang.Object java.lang.invoke.Invokers$Holder.linkToTargetMethod(java.lang.Object, java.lang.Object, java.lang.Object, long, java.lang.Object)'> (0x000000070a250368) 
thrown [s\src\hotspot\share\interpreter\linkResolver.cpp, line 773]
Event: 12.275 Thread 0x000001ba6672d800 Exception <a 'java/lang/NoSuchMethodError'{0x00000007087ffd00}: 'void java.lang.invoke.DirectMethodHandle$Holder.invokeSpecialIFC(java.lang.Object, java.lang.Object, int, java.lang.Object, java.lang.Object, java.lang.Object, java.lang.Object)'> (0x00000007087ffd00) 
thrown [s\src\hotspot\share\interpreter\linkResolver.cpp, line 773]
Event: 12.565 Thread 0x000001ba6672d800 Exception <a 'java/lang/NoSuchMethodError'{0x000000070afa3c48}: 'java.lang.Object java.lang.invoke.DirectMethodHandle$Holder.invokeInterface(java.lang.Object, java.lang.Object, java.lang.Object, java.lang.Object)'> (0x000000070afa3c48) 
thrown [s\src\hotspot\share\interpreter\linkResolver.cpp, line 773]
Event: 12.575 Thread 0x000001ba6672d800 Exception <a 'java/lang/NoSuchMethodError'{0x000000070ad323e0}: 'long java.lang.invoke.DirectMethodHandle$Holder.invokeStatic(java.lang.Object, java.lang.Object, int)'> (0x000000070ad323e0) 
thrown [s\src\hotspot\share\interpreter\linkResolver.cpp, line 773]
Event: 12.581 Thread 0x000001ba6672b730 Exception <a 'java/lang/IncompatibleClassChangeError'{0x000000070add6ed8}: Found class java.lang.Object, but interface was expected> (0x000000070add6ed8) 
thrown [s\src\hotspot\share\interpreter\linkResolver.cpp, line 840]
Event: 17.515 Thread 0x000001ba66728fd0 Exception <a 'java/lang/NoSuchMethodError'{0x000000070a992930}: 'void java.lang.invoke.DelegatingMethodHandle$Holder.reinvoke_L(java.lang.Object, java.lang.Object, java.lang.Object, java.lang.Object, int, java.lang.Object, java.lang.Object)'> (0x000000070a992930) 
thrown [s\src\hotspot\share\interpreter\linkResolver.cpp, line 773]
Event: 17.580 Thread 0x000001ba6672bdc0 Exception <a 'java/lang/NoSuchMethodError'{0x000000070a047590}: 'int java.lang.invoke.DirectMethodHandle$Holder.invokeStatic(java.lang.Object, java.lang.Object, int, int)'> (0x000000070a047590) 
thrown [s\src\hotspot\share\interpreter\linkResolver.cpp, line 773]
Event: 17.601 Thread 0x000001ba6672bdc0 Exception <a 'java/lang/NoSuchMethodError'{0x0000000709e92a68}: 'void java.lang.invoke.DelegatingMethodHandle$Holder.reinvoke_L(java.lang.Object, java.lang.Object, long, int)'> (0x0000000709e92a68) 
thrown [s\src\hotspot\share\interpreter\linkResolver.cpp, line 773]

ZGC Phase Switch (0 events):
No events

VM Operations (20 events):
Event: 17.763 Executing VM operation: get/set locals
Event: 17.763 Executing VM operation: get/set locals done
Event: 17.764 Executing VM operation: get/set locals
Event: 17.764 Executing VM operation: get/set locals done
Event: 17.764 Executing VM operation: get/set locals
Event: 17.764 Executing VM operation: get/set locals done
Event: 17.764 Executing VM operation: get/set locals
Event: 17.764 Executing VM operation: get/set locals done
Event: 17.765 Executing VM operation: get/set locals
Event: 17.765 Executing VM operation: get/set locals done
Event: 31.779 Executing VM operation: ChangeSingleStep
Event: 31.779 Executing VM operation: ChangeSingleStep done
Event: 31.780 Executing VM operation: ChangeSingleStep
Event: 31.780 Executing VM operation: ChangeSingleStep done
Event: 31.792 Executing VM operation: RedefineClasses
Event: 31.811 Executing VM operation: RedefineClasses done
Event: 31.824 Executing VM operation: ChangeBreakpoints
Event: 31.826 Executing VM operation: ChangeBreakpoints done
Event: 31.828 Executing VM operation: ChangeSingleStep
Event: 31.828 Executing VM operation: ChangeSingleStep done

Memory protections (0 events):
No events

Nmethod flushes (20 events):
Event: 4.441 Thread 0x000001ba5eea0ac0 flushing  nmethod 0x000001ba548eaa10
Event: 4.441 Thread 0x000001ba5eea0ac0 flushing  nmethod 0x000001ba540a0310
Event: 4.441 Thread 0x000001ba5eea0ac0 flushing  nmethod 0x000001ba5481bf10
Event: 4.441 Thread 0x000001ba5eea0ac0 flushing  nmethod 0x000001ba54a33410
Event: 4.441 Thread 0x000001ba5eea0ac0 flushing  nmethod 0x000001ba549b8f90
Event: 4.441 Thread 0x000001ba5eea0ac0 flushing  nmethod 0x000001ba549b9310
Event: 4.441 Thread 0x000001ba5eea0ac0 flushing  nmethod 0x000001ba5481f210
Event: 4.441 Thread 0x000001ba5eea0ac0 flushing  nmethod 0x000001ba548e8f10
Event: 4.441 Thread 0x000001ba5eea0ac0 flushing  nmethod 0x000001ba54946a90
Event: 4.441 Thread 0x000001ba5eea0ac0 flushing  nmethod 0x000001ba54a05710
Event: 4.441 Thread 0x000001ba5eea0ac0 flushing  nmethod 0x000001ba547cd810
Event: 4.441 Thread 0x000001ba5eea0ac0 flushing  nmethod 0x000001ba5488d610
Event: 4.441 Thread 0x000001ba5eea0ac0 flushing  nmethod 0x000001ba5422f390
Event: 4.441 Thread 0x000001ba5eea0ac0 flushing  nmethod 0x000001ba54580d10
Event: 4.441 Thread 0x000001ba5eea0ac0 flushing  nmethod 0x000001ba54896f90
Event: 4.441 Thread 0x000001ba5eea0ac0 flushing  nmethod 0x000001ba548cf590
Event: 4.441 Thread 0x000001ba5eea0ac0 flushing  nmethod 0x000001ba542ed310
Event: 4.441 Thread 0x000001ba5eea0ac0 flushing  nmethod 0x000001ba54781490
Event: 4.441 Thread 0x000001ba5eea0ac0 flushing  nmethod 0x000001ba547ae810
Event: 4.441 Thread 0x000001ba5eea0ac0 flushing  nmethod 0x000001ba54880b10

Events (20 events):
Event: 4.775 Thread 0x000001ba66724440 Thread added: 0x000001ba66724ad0
Event: 4.775 Thread 0x000001ba63b7cb40 Thread added: 0x000001ba66726ba0
Event: 4.776 Thread 0x000001ba66726ba0 Thread added: 0x000001ba66725160
Event: 4.777 Thread 0x000001ba63b7cb40 Thread added: 0x000001ba66727230
Event: 4.777 Thread 0x000001ba66723720 Thread exited: 0x000001ba66723720
Event: 4.777 Thread 0x000001ba66727230 Thread added: 0x000001ba66727f50
Event: 4.778 Thread 0x000001ba66724ad0 Thread exited: 0x000001ba66724ad0
Event: 5.810 Thread 0x000001ba66727f50 Thread exited: 0x000001ba66727f50
Event: 5.810 Thread 0x000001ba66725160 Thread exited: 0x000001ba66725160
Event: 7.946 Thread 0x000001ba64e1cf00 Thread exited: 0x000001ba64e1cf00
Event: 10.712 Thread 0x000001ba6435e4c0 Thread exited: 0x000001ba6435e4c0
Event: 10.712 Thread 0x000001ba630e5d60 Thread exited: 0x000001ba630e5d60
Event: 12.511 Thread 0x000001ba5eedc410 Thread added: 0x000001ba6480be40
Event: 12.511 Thread 0x000001ba5eedc410 Thread added: 0x000001ba6480b0a0
Event: 12.553 Thread 0x000001ba6672e520 Thread added: 0x000001ba66722a00
Event: 15.416 Thread 0x000001ba6480b0a0 Thread exited: 0x000001ba6480b0a0
Event: 17.519 Thread 0x000001ba6480be40 Thread exited: 0x000001ba6480be40
Event: 17.521 Thread 0x000001ba66729660 Thread added: 0x000001ba66727f50
Event: 17.602 Thread 0x000001ba66729660 Thread added: 0x000001ba66720fc0
Event: 20.404 Thread 0x000001ba630dc3c0 Thread exited: 0x000001ba630dc3c0


Dynamic libraries:
0x00007ff6e4c20000 - 0x00007ff6e4c2e000 	C:\Users\88693\Downloads\eclipse-jee-2024-09-R-win32-x86_64\eclipse\plugins\org.eclipse.justj.openjdk.hotspot.jre.full.win32.x86_64_21.0.5.v20241023-1957\jre\bin\javaw.exe
0x00007ffc0ba70000 - 0x00007ffc0bc87000 	C:\WINDOWS\SYSTEM32\ntdll.dll
0x00007ffc0aaf0000 - 0x00007ffc0abb4000 	C:\WINDOWS\System32\KERNEL32.DLL
0x00007ffc093c0000 - 0x00007ffc0977a000 	C:\WINDOWS\System32\KERNELBASE.dll
0x00007ffc091b0000 - 0x00007ffc092c1000 	C:\WINDOWS\System32\ucrtbase.dll
0x00007ffb8c6a0000 - 0x00007ffb8c6b8000 	C:\Users\88693\Downloads\eclipse-jee-2024-09-R-win32-x86_64\eclipse\plugins\org.eclipse.justj.openjdk.hotspot.jre.full.win32.x86_64_21.0.5.v20241023-1957\jre\bin\jli.dll
0x00007ffc02000000 - 0x00007ffc0201e000 	C:\Users\88693\Downloads\eclipse-jee-2024-09-R-win32-x86_64\eclipse\plugins\org.eclipse.justj.openjdk.hotspot.jre.full.win32.x86_64_21.0.5.v20241023-1957\jre\bin\VCRUNTIME140.dll
0x00007ffc09af0000 - 0x00007ffc09c9e000 	C:\WINDOWS\System32\USER32.dll
0x00007ffc092d0000 - 0x00007ffc092f6000 	C:\WINDOWS\System32\win32u.dll
0x00007ffbe4c40000 - 0x00007ffbe4ed2000 	C:\WINDOWS\WinSxS\amd64_microsoft.windows.common-controls_6595b64144ccf1df_6.0.22621.4541_none_2710d1c57384c085\COMCTL32.dll
0x00007ffc09ca0000 - 0x00007ffc09cc9000 	C:\WINDOWS\System32\GDI32.dll
0x00007ffc0a3d0000 - 0x00007ffc0a477000 	C:\WINDOWS\System32\msvcrt.dll
0x00007ffc08e00000 - 0x00007ffc08f1b000 	C:\WINDOWS\System32\gdi32full.dll
0x00007ffc09090000 - 0x00007ffc0912a000 	C:\WINDOWS\System32\msvcp_win.dll
0x00007ffc0abc0000 - 0x00007ffc0abf1000 	C:\WINDOWS\System32\IMM32.DLL
0x00007ffc01ff0000 - 0x00007ffc01ffc000 	C:\Users\88693\Downloads\eclipse-jee-2024-09-R-win32-x86_64\eclipse\plugins\org.eclipse.justj.openjdk.hotspot.jre.full.win32.x86_64_21.0.5.v20241023-1957\jre\bin\vcruntime140_1.dll
0x00007ffbf5220000 - 0x00007ffbf52ad000 	C:\Users\88693\Downloads\eclipse-jee-2024-09-R-win32-x86_64\eclipse\plugins\org.eclipse.justj.openjdk.hotspot.jre.full.win32.x86_64_21.0.5.v20241023-1957\jre\bin\msvcp140.dll
0x00007ffb8c6e0000 - 0x00007ffb8d46f000 	C:\Users\88693\Downloads\eclipse-jee-2024-09-R-win32-x86_64\eclipse\plugins\org.eclipse.justj.openjdk.hotspot.jre.full.win32.x86_64_21.0.5.v20241023-1957\jre\bin\server\jvm.dll
0x00007ffc0a260000 - 0x00007ffc0a312000 	C:\WINDOWS\System32\ADVAPI32.dll
0x00007ffc0a150000 - 0x00007ffc0a1f7000 	C:\WINDOWS\System32\sechost.dll
0x00007ffc08dd0000 - 0x00007ffc08df8000 	C:\WINDOWS\System32\bcrypt.dll
0x00007ffc0b890000 - 0x00007ffc0b9a4000 	C:\WINDOWS\System32\RPCRT4.dll
0x00007ffc0b9b0000 - 0x00007ffc0ba21000 	C:\WINDOWS\System32\WS2_32.dll
0x00007ffc07ba0000 - 0x00007ffc07bed000 	C:\WINDOWS\SYSTEM32\POWRPROF.dll
0x00007ffc03a00000 - 0x00007ffc03a34000 	C:\WINDOWS\SYSTEM32\WINMM.dll
0x00007ffc030a0000 - 0x00007ffc030aa000 	C:\WINDOWS\SYSTEM32\VERSION.dll
0x00007ffc07b80000 - 0x00007ffc07b93000 	C:\WINDOWS\SYSTEM32\UMPDC.dll
0x00007ffc07da0000 - 0x00007ffc07db8000 	C:\WINDOWS\SYSTEM32\kernel.appcore.dll
0x00007ffbca850000 - 0x00007ffbca85a000 	C:\Users\88693\Downloads\eclipse-jee-2024-09-R-win32-x86_64\eclipse\plugins\org.eclipse.justj.openjdk.hotspot.jre.full.win32.x86_64_21.0.5.v20241023-1957\jre\bin\jimage.dll
0x00007ffbd8070000 - 0x00007ffbd82a2000 	C:\WINDOWS\SYSTEM32\DBGHELP.DLL
0x00007ffc0b490000 - 0x00007ffc0b81f000 	C:\WINDOWS\System32\combase.dll
0x00007ffc09a10000 - 0x00007ffc09ae7000 	C:\WINDOWS\System32\OLEAUT32.dll
0x00007ffbd8010000 - 0x00007ffbd8042000 	C:\WINDOWS\SYSTEM32\dbgcore.DLL
0x00007ffc09130000 - 0x00007ffc091ab000 	C:\WINDOWS\System32\bcryptPrimitives.dll
0x00007ffbad260000 - 0x00007ffbad29c000 	C:\Users\88693\Downloads\eclipse-jee-2024-09-R-win32-x86_64\eclipse\plugins\org.eclipse.justj.openjdk.hotspot.jre.full.win32.x86_64_21.0.5.v20241023-1957\jre\bin\jdwp.dll
0x00007ffbc9ca0000 - 0x00007ffbc9caf000 	C:\Users\88693\Downloads\eclipse-jee-2024-09-R-win32-x86_64\eclipse\plugins\org.eclipse.justj.openjdk.hotspot.jre.full.win32.x86_64_21.0.5.v20241023-1957\jre\bin\instrument.dll
0x00007ffb8c6c0000 - 0x00007ffb8c6df000 	C:\Users\88693\Downloads\eclipse-jee-2024-09-R-win32-x86_64\eclipse\plugins\org.eclipse.justj.openjdk.hotspot.jre.full.win32.x86_64_21.0.5.v20241023-1957\jre\bin\java.dll
0x00007ffc0ac00000 - 0x00007ffc0b478000 	C:\WINDOWS\System32\SHELL32.dll
0x00007ffc06c20000 - 0x00007ffc07528000 	C:\WINDOWS\SYSTEM32\windows.storage.dll
0x00007ffc06ae0000 - 0x00007ffc06c1f000 	C:\WINDOWS\SYSTEM32\wintypes.dll
0x00007ffc0a6f0000 - 0x00007ffc0a7ea000 	C:\WINDOWS\System32\SHCORE.dll
0x00007ffc0a200000 - 0x00007ffc0a25e000 	C:\WINDOWS\System32\shlwapi.dll
0x00007ffc08c80000 - 0x00007ffc08cab000 	C:\WINDOWS\SYSTEM32\profapi.dll
0x00007ffb8c510000 - 0x00007ffb8c528000 	C:\Users\88693\Downloads\eclipse-jee-2024-09-R-win32-x86_64\eclipse\plugins\org.eclipse.justj.openjdk.hotspot.jre.full.win32.x86_64_21.0.5.v20241023-1957\jre\bin\zip.dll
0x00007ffc04910000 - 0x00007ffc0491b000 	C:\Users\88693\Downloads\eclipse-jee-2024-09-R-win32-x86_64\eclipse\plugins\org.eclipse.justj.openjdk.hotspot.jre.full.win32.x86_64_21.0.5.v20241023-1957\jre\bin\dt_socket.dll
0x00007ffc07840000 - 0x00007ffc0786d000 	C:\WINDOWS\SYSTEM32\IPHLPAPI.DLL
0x00007ffc082c0000 - 0x00007ffc08329000 	C:\WINDOWS\system32\mswsock.dll
0x00007ffc07870000 - 0x00007ffc07972000 	C:\WINDOWS\SYSTEM32\DNSAPI.dll
0x00007ffc0b870000 - 0x00007ffc0b879000 	C:\WINDOWS\System32\NSI.dll
0x00007ffbfe880000 - 0x00007ffbfe88a000 	C:\Windows\System32\rasadhlp.dll
0x00007ffc014c0000 - 0x00007ffc01543000 	C:\WINDOWS\System32\fwpuclnt.dll
0x00007ffbc9c10000 - 0x00007ffbc9c20000 	C:\Users\88693\Downloads\eclipse-jee-2024-09-R-win32-x86_64\eclipse\plugins\org.eclipse.justj.openjdk.hotspot.jre.full.win32.x86_64_21.0.5.v20241023-1957\jre\bin\net.dll
0x00007ffc038c0000 - 0x00007ffc039f6000 	C:\WINDOWS\SYSTEM32\WINHTTP.dll
0x00007ffb8c490000 - 0x00007ffb8c4a6000 	C:\Users\88693\Downloads\eclipse-jee-2024-09-R-win32-x86_64\eclipse\plugins\org.eclipse.justj.openjdk.hotspot.jre.full.win32.x86_64_21.0.5.v20241023-1957\jre\bin\nio.dll
0x00007ffc01fe0000 - 0x00007ffc01fea000 	C:\Users\88693\Downloads\eclipse-jee-2024-09-R-win32-x86_64\eclipse\plugins\org.eclipse.justj.openjdk.hotspot.jre.full.win32.x86_64_21.0.5.v20241023-1957\jre\bin\management.dll
0x00007ffc01fd0000 - 0x00007ffc01fdb000 	C:\Users\88693\Downloads\eclipse-jee-2024-09-R-win32-x86_64\eclipse\plugins\org.eclipse.justj.openjdk.hotspot.jre.full.win32.x86_64_21.0.5.v20241023-1957\jre\bin\management_ext.dll
0x00007ffc0b880000 - 0x00007ffc0b888000 	C:\WINDOWS\System32\PSAPI.DLL
0x00007ffc04b10000 - 0x00007ffc04b27000 	C:\WINDOWS\system32\napinsp.dll
0x00007ffc046a0000 - 0x00007ffc046bb000 	C:\WINDOWS\system32\pnrpnsp.dll
0x00007ffc03bd0000 - 0x00007ffc03be1000 	C:\WINDOWS\System32\winrnr.dll
0x00007ffc03700000 - 0x00007ffc03715000 	C:\WINDOWS\system32\wshbth.dll
0x00007ffbac600000 - 0x00007ffbac627000 	C:\WINDOWS\system32\nlansp_c.dll
0x00007ffc08530000 - 0x00007ffc0854b000 	C:\WINDOWS\SYSTEM32\CRYPTSP.dll
0x00007ffc07dc0000 - 0x00007ffc07df5000 	C:\WINDOWS\system32\rsaenh.dll
0x00007ffc083a0000 - 0x00007ffc083c8000 	C:\WINDOWS\SYSTEM32\USERENV.dll
0x00007ffc08550000 - 0x00007ffc0855c000 	C:\WINDOWS\SYSTEM32\CRYPTBASE.dll
0x00007ffc02020000 - 0x00007ffc02029000 	C:\Users\88693\Downloads\eclipse-jee-2024-09-R-win32-x86_64\eclipse\plugins\org.eclipse.justj.openjdk.hotspot.jre.full.win32.x86_64_21.0.5.v20241023-1957\jre\bin\extnet.dll
0x00007ffbc7990000 - 0x00007ffbc79a0000 	C:\Users\88693\Downloads\eclipse-jee-2024-09-R-win32-x86_64\eclipse\plugins\org.eclipse.justj.openjdk.hotspot.jre.full.win32.x86_64_21.0.5.v20241023-1957\jre\bin\verify.dll
0x00007ffc03ac0000 - 0x00007ffc03ace000 	C:\Users\88693\Downloads\eclipse-jee-2024-09-R-win32-x86_64\eclipse\plugins\org.eclipse.justj.openjdk.hotspot.jre.full.win32.x86_64_21.0.5.v20241023-1957\jre\bin\sunmscapi.dll
0x00007ffc08f20000 - 0x00007ffc09086000 	C:\WINDOWS\System32\CRYPT32.dll
0x00007ffc086f0000 - 0x00007ffc0871d000 	C:\WINDOWS\SYSTEM32\ncrypt.dll
0x00007ffc086b0000 - 0x00007ffc086e7000 	C:\WINDOWS\SYSTEM32\NTASN1.dll
0x00007ffc01fc0000 - 0x00007ffc01fc8000 	C:\WINDOWS\system32\wshunix.dll

dbghelp: loaded successfully - version: 4.0.5 - missing functions: none
symbol engine: initialized successfully - sym options: 0x614 - pdb path: .;C:\Users\88693\Downloads\eclipse-jee-2024-09-R-win32-x86_64\eclipse\plugins\org.eclipse.justj.openjdk.hotspot.jre.full.win32.x86_64_21.0.5.v20241023-1957\jre\bin;C:\WINDOWS\SYSTEM32;C:\WINDOWS\WinSxS\amd64_microsoft.windows.common-controls_6595b64144ccf1df_6.0.22621.4541_none_2710d1c57384c085;C:\Users\88693\Downloads\eclipse-jee-2024-09-R-win32-x86_64\eclipse\plugins\org.eclipse.justj.openjdk.hotspot.jre.full.win32.x86_64_21.0.5.v20241023-1957\jre\bin\server

VM Arguments:
jvm_args: -XX:+ShowCodeDetailsInExceptionMessages -agentlib:jdwp=transport=dt_socket,suspend=y,address=localhost:65486 -Dcom.sun.management.jmxremote -Dcom.sun.management.jmxremote.port=65485 -Dcom.sun.management.jmxremote.authenticate=false -Dcom.sun.management.jmxremote.ssl=false -Djava.rmi.server.hostname=localhost -Dspring.jmx.enabled=true -Dmanagement.endpoints.jmx.exposure.include=* -Dspring.application.admin.enabled=true -XX:TieredStopAtLevel=1 -Dspring.boot.project.name=springboot-chat -javaagent:C:\Users\88693\Downloads\eclipse-jee-2024-09-R-win32-x86_64\eclipse\configuration\org.eclipse.osgi\446\0\.cp\lib\javaagent-shaded.jar -Dfile.encoding=UTF-8 -Dstdout.encoding=UTF-8 -Dstderr.encoding=UTF-8 
java_command: chat.SpringbootChatApplication --spring.output.ansi.enabled=always
java_class_path (initial): C:\Users\88693\Desktop\our resource\java\workspace\springboot-chat\target\classes;C:\Users\88693\.m2\repository\org\springframework\boot\spring-boot-starter-amqp\3.3.5\spring-boot-starter-amqp-3.3.5.jar;C:\Users\88693\.m2\repository\org\springframework\boot\spring-boot-starter\3.3.5\spring-boot-starter-3.3.5.jar;C:\Users\88693\.m2\repository\org\springframework\boot\spring-boot\3.3.5\spring-boot-3.3.5.jar;C:\Users\88693\.m2\repository\org\springframework\boot\spring-boot-autoconfigure\3.3.5\spring-boot-autoconfigure-3.3.5.jar;C:\Users\88693\.m2\repository\org\springframework\boot\spring-boot-starter-logging\3.3.5\spring-boot-starter-logging-3.3.5.jar;C:\Users\88693\.m2\repository\ch\qos\logback\logback-classic\1.5.11\logback-classic-1.5.11.jar;C:\Users\88693\.m2\repository\ch\qos\logback\logback-core\1.5.11\logback-core-1.5.11.jar;C:\Users\88693\.m2\repository\org\apache\logging\log4j\log4j-to-slf4j\2.23.1\log4j-to-slf4j-2.23.1.jar;C:\Users\88693\.m2\repository\org\apache\logging\log4j\log4j-api\2.23.1\log4j-api-2.23.1.jar;C:\Users\88693\.m2\repository\org\slf4j\jul-to-slf4j\2.0.16\jul-to-slf4j-2.0.16.jar;C:\Users\88693\.m2\repository\jakarta\annotation\jakarta.annotation-api\2.1.1\jakarta.annotation-api-2.1.1.jar;C:\Users\88693\.m2\repository\org\yaml\snakeyaml\2.2\snakeyaml-2.2.jar;C:\Users\88693\.m2\repository\org\springframework\spring-messaging\6.1.14\spring-messaging-6.1.14.jar;C:\Users\88693\.m2\repository\org\springframework\spring-beans\6.1.14\spring-beans-6.1.14.jar;C:\Users\88693\.m2\repository\org\springframework\amqp\spring-rabbit\3.1.7\spring-rabbit-3.1.7.jar;C:\Users\88693\.m2\repository\org\springframework\amqp\spring-amqp\3.1.7\spring-amqp-3.1.7.jar;C:\Users\88693\.m2\repository\org\springframework\retry\spring-retry\2.0.10\spring-retry-2.0.10.jar;C:\Users\88693\.m2\repository\com\rabbitmq\amqp-client\5.21.0\amqp-client-5.21.0.jar;C:\Users\88693\.m2\repository\org\springframework\spring-context\6.1.14\spring-context-6.1.14.jar;C:\Users\88693\.m2\repository\org\springframework\spring-tx\6.1.14\spring-tx-6.1.14.jar;C:\Users\88693\.m2\repository\io\micrometer\micrometer-observation\1.13.6\micrometer-observation-1.13.6.jar;C:\Users\88693\.m2\repository\io\micrometer\micrometer-commons\1.13.6\micrometer-commons-1.13.6.jar;C:\Users\88693\.m2\repository\com\fasterxml\jackson\datatype\jackson-datatype-jsr310\2.15.2\jackson-datatype-jsr310-2.15.2.jar;C:\Users\88693\.m2\repository\com\fasterxml\jackson\core\jackson-annotations\2.17.2\jackson-annotations-2.17.2.jar;C:\Users\88693\.m2\repository\com\fasterxml\jackson\core\jackson-core\2.17.2\jackson-core-2.17.2.jar;C:\Users\88693\.m2\repository\com\fasterxml\jackson\core\jackson-databind\2.17.2\jackson-databind-2.17.2.jar;C:\Users\88693\.m2\repository\org\json\json\20210307\json-20210307.jar;C:\Users\88693\.m2\repository\org\springframework\boot\spring-boot-starter-security\3.3.5\spring-boot-starter-security-3.3.5.jar;C:\Users\88693\.m2\repository\org\springframework\spring-aop\6.1.14\spring-aop-6.1.14.jar;C:\Users\88693\.m2\repository\org\springframework\security\spring-security-config\6.3.4\spring-security-config-6.3.4.jar;C:\Users\88693\.m2\repository\org\springframework\security\spring-security-core\6.3.4\spring-security-core-6.3.4.jar;C:\Users\88693\.m2\repository\org\springframework\security\spring-security-crypto\6.3.4\spring-security-crypto-6.3.4.jar;C:\Users\88693\.m2\repository\org\springframework\security\spring-security-web\6.3.4\spring-security-web-6.3.4.jar;C:\Users\88693\.m2\repository\org\springframework\spring-expression\6.1.14\spring-expression-6.1.14.jar;C:\Users\88693\.m2\repository\io\jsonwebtoken\jjwt-api\0.11.5\jjwt-api-0.11.5.jar;C:\Users\88693\.m2\repository\io\jsonwebtoken\jjwt-impl\0.11.5\jjwt-impl-0.11.5.jar;C:\Users\88693\.m2\repository\io\jsonwebtoken\jjwt-jackson\0.11.5\jjwt-jackson-0.11.5.jar;C:\Users\88693\.m2\repository\org\modelmapper\modelmapper\3.2.1\modelmapper-3.2.1.jar;C:\Users\88693\.m2\repository\org\springframework\boot\spring-boot-starter-data-jpa\3.3.5\spring-boot-starter-data-jpa-3.3.5.jar;C:\Users\88693\.m2\repository\org\springframework\boot\spring-boot-starter-aop\3.3.5\spring-boot-starter-aop-3.3.5.jar;C:\Users\88693\.m2\repository\org\aspectj\aspectjweaver\1.9.22.1\aspectjweaver-1.9.22.1.jar;C:\Users\88693\.m2\repository\org\hibernate\orm\hibernate-core\6.5.3.Final\hibernate-core-6.5.3.Final.jar;C:\Users\88693\.m2\repository\jakarta\persistence\jakarta.persistence-api\3.1.0\jakarta.persistence-api-3.1.0.jar;C:\Users\88693\.m2\repository\jakarta\transaction\jakarta.transaction-api\2.0.1\jakarta.transaction-api-2.0.1.jar;C:\Users\88693\.m2\repository\org\jboss\logging\jboss-logging\3.5.3.Final\jboss-logging-3.5.3.Final.jar;C:\Users\88693\.m2\repository\org\hibernate\common\hibernate-commons-annotations\6.0.6.Final\hibernate-commons-annotations-6.0.6.Final.jar;C:\Users\88693\.m2\repository\io\smallrye\jandex\3.1.2\jandex-3.1.2.jar;C:\Users\88693\.m2\repository\com\fasterxml\classmate\1.7.0\classmate-1.7.0.jar;C:\Users\88693\.m2\repository\net\bytebuddy\byte-buddy\1.14.19\byte-buddy-1.14.19.jar;C:\Users\88693\.m2\repository\org\glassfish\jaxb\jaxb-runtime\4.0.5\jaxb-runtime-4.0.5.jar;C:\Users\88693\.m2\repository\org\glassfish\jaxb\jaxb-core\4.0.5\jaxb-core-4.0.5.jar;C:\Users\88693\.m2\repository\org\eclipse\angus\angus-activation\2.0.2\angus-activation-2.0.2.jar;C:\Users\88693\.m2\repository\org\glassfish\jaxb\txw2\4.0.5\txw2-4.0.5.jar;C:\Users\88693\.m2\repository\com\sun\istack\istack-commons-runtime\4.1.2\istack-commons-runtime-4.1.2.jar;C:\Users\88693\.m2\repository\jakarta\inject\jakarta.inject-api\2.0.1\jakarta.inject-api-2.0.1.jar;C:\Users\88693\.m2\repository\org\antlr\antlr4-runtime\4.13.0\antlr4-runtime-4.13.0.jar;C:\Users\88693\.m2\repository\org\springframework\data\spring-data-jpa\3.3.5\spring-data-jpa-3.3.5.jar;C:\Users\88693\.m2\repository\org\springframework\data\spring-data-commons\3.3.5\spring-data-commons-3.3.5.jar;C:\Users\88693\.m2\repository\org\springframework\spring-orm\6.1.14\spring-orm-6.1.14.jar;C:\Users\88693\.m2\repository\org\slf4j\slf4j-api\2.0.16\slf4j-api-2.0.16.jar;C:\Users\88693\.m2\repository\org\springframework\spring-aspects\6.1.14\spring-aspects-6.1.14.jar;C:\Users\88693\.m2\repository\org\springframework\boot\spring-boot-starter-jdbc\3.3.5\spring-boot-starter-jdbc-3.3.5.jar;C:\Users\88693\.m2\repository\com\zaxxer\HikariCP\5.1.0\HikariCP-5.1.0.jar;C:\Users\88693\.m2\repository\org\springframework\spring-jdbc\6.1.14\spring-jdbc-6.1.14.jar;C:\Users\88693\.m2\repository\org\springframework\boot\spring-boot-starter-web\3.3.5\spring-boot-starter-web-3.3.5.jar;C:\Users\88693\.m2\repository\org\springframework\boot\spring-boot-starter-json\3.3.5\spring-boot-starter-json-3.3.5.jar;C:\Users\88693\.m2\repository\com\fasterxml\jackson\datatype\jackson-datatype-jdk8\2.17.2\jackson-datatype-jdk8-2.17.2.jar;C:\Users\88693\.m2\repository\com\fasterxml\jackson\module\jackson-module-parameter-names\2.17.2\jackson-module-parameter-names-2.17.2.jar;C:\Users\88693\.m2\repository\org\springframework\boot\spring-boot-starter-tomcat\3.3.5\spring-boot-starter-tomcat-3.3.5.jar;C:\Users\88693\.m2\repository\org\apache\tomcat\embed\tomcat-embed-core\10.1.31\tomcat-embed-core-10.1.31.jar;C:\Users\88693\.m2\repository\org\apache\tomcat\embed\tomcat-embed-el\10.1.31\tomcat-embed-el-10.1.31.jar;C:\Users\88693\.m2\repository\org\apache\tomcat\embed\tomcat-embed-websocket\10.1.31\tomcat-embed-websocket-10.1.31.jar;C:\Users\88693\.m2\repository\org\springframework\spring-web\6.1.14\spring-web-6.1.14.jar;C:\Users\88693\.m2\repository\org\springframework\spring-webmvc\6.1.14\spring-webmvc-6.1.14.jar;C:\Users\88693\.m2\repository\org\springframework\boot\spring-boot-starter-websocket\3.3.5\spring-boot-starter-websocket-3.3.5.jar;C:\Users\88693\.m2\repository\org\springframework\spring-websocket\6.1.14\spring-websocket-6.1.14.jar;C:\Users\88693\.m2\repository\com\mysql\mysql-connector-j\8.3.0\mysql-connector-j-8.3.0.jar;C:\Users\88693\.m2\repository\org\projectlombok\lombok\1.18.34\lombok-1.18.34.jar;C:\Users\88693\.m2\repository\jakarta\xml\bind\jakarta.xml.bind-api\4.0.2\jakarta.xml.bind-api-4.0.2.jar;C:\Users\88693\.m2\repository\jakarta\activation\jakarta.activation-api\2.1.3\jakarta.activation-api-2.1.3.jar;C:\Users\88693\.m2\repository\org\springframework\spring-core\6.1.14\spring-core-6.1.14.jar;C:\Users\88693\.m2\repository\org\springframework\spring-jcl\6.1.14\spring-jcl-6.1.14.jar
Launcher Type: SUN_STANDARD

[Global flags]
     intx CICompilerCount                          = 4                                         {product} {ergonomic}
     uint ConcGCThreads                            = 3                                         {product} {ergonomic}
     uint G1ConcRefinementThreads                  = 10                                        {product} {ergonomic}
   size_t G1HeapRegionSize                         = 2097152                                   {product} {ergonomic}
    uintx GCDrainStackTargetSize                   = 64                                        {product} {ergonomic}
   size_t InitialHeapSize                          = 266338304                                 {product} {ergonomic}
     bool ManagementServer                         = true                                      {product} {command line}
   size_t MarkStackSize                            = 4194304                                   {product} {ergonomic}
   size_t MaxHeapSize                              = 4238344192                                {product} {ergonomic}
   size_t MaxNewSize                               = 2541748224                                {product} {ergonomic}
   size_t MinHeapDeltaBytes                        = 2097152                                   {product} {ergonomic}
   size_t MinHeapSize                              = 8388608                                   {product} {ergonomic}
    uintx NonNMethodCodeHeapSize                   = 4096                                   {pd product} {ergonomic}
    uintx NonProfiledCodeHeapSize                  = 0                                      {pd product} {ergonomic}
     bool ProfileInterpreter                       = false                                  {pd product} {command line}
    uintx ProfiledCodeHeapSize                     = 0                                      {pd product} {ergonomic}
     bool ShowCodeDetailsInExceptionMessages       = true                                   {manageable} {command line}
   size_t SoftMaxHeapSize                          = 4238344192                             {manageable} {ergonomic}
     intx TieredStopAtLevel                        = 1                                         {product} {command line}
     bool UseCompressedOops                        = true                           {product lp64_product} {ergonomic}
     bool UseG1GC                                  = true                                      {product} {ergonomic}
     bool UseLargePagesIndividualAllocation        = false                                  {pd product} {ergonomic}

Logging:
Log output configuration:
 #0: stdout all=warning uptime,level,tags foldmultilines=false
 #1: stderr all=off uptime,level,tags foldmultilines=false

Environment Variables:
JAVA_HOME=C:\Users\¯Î·ç»¨\Desktop\¦Û¤vªºªF¦è\java\OpenLogic\jdk-21.0.4.7-hotspot
PATH=C:\Users\88693\Downloads\eclipse-jee-2024-09-R-win32-x86_64\eclipse\plugins\org.eclipse.justj.openjdk.hotspot.jre.full.win32.x86_64_21.0.5.v20241023-1957\jre\bin;C:/Users/88693/Downloads/eclipse-jee-2024-09-R-win32-x86_64/eclipse//plugins/org.eclipse.justj.openjdk.hotspot.jre.full.win32.x86_64_21.0.5.v20241023-1957/jre/bin/server;C:/Users/88693/Downloads/eclipse-jee-2024-09-R-win32-x86_64/eclipse//plugins/org.eclipse.justj.openjdk.hotspot.jre.full.win32.x86_64_21.0.5.v20241023-1957/jre/bin;C:\Program Files\OpenLogic\jdk-21.0.4.7-hotspot\bin;C:\Users\¯Î·ç»¨\Desktop\¦Û¤vªºªF¦è\java\OpenLogic\jdk-21.0.4.7-hotspot\bin;C:\Program Files\Common Files\Oracle\Java\javapath;C:\Program Files (x86)\Common Files\Oracle\Java\javapath;C:\Windows\system32;C:\Windows;C:\Windows\System32\Wbem;C:\Windows\System32\WindowsPowerShell\v1.0\;C:\Windows\System32\OpenSSH\;C:\Program Files (x86)\NVIDIA Corporation\PhysX\Common;C:\Program Files\NVIDIA Corporation\NVIDIA NvDLISR;C:\WINDOWS\system32;C:\WINDOWS;C:\WINDOWS\System32\Wbem;C:\WINDOWS\System32\WindowsPowerShell\v1.0\;C:\WINDOWS\System32\OpenSSH\;C:\Program Files\Microsoft SQL Server\Client SDK\ODBC\130\Tools\Binn\;C:\Program Files (x86)\Microsoft SQL Server\140\Tools\Binn\;C:\Program Files\Microsoft SQL Server\140\Tools\Binn\;C:\Program Files\Microsoft SQL Server\140\DTS\Binn\;C:\Program Files (x86)\Microsoft SQL Server\150\DTS\Binn\;C:\Program Files\Azure Data Studio\bin;C:\Program Files\Git\cmd;C:\Program Files\nodejs\;C:\Program Files\Docker\Docker\resources\bin;C:\Users\88693\AppData\Local\Microsoft\WindowsApps;C:\Users\88693\AppData\Local\Programs\Microsoft VS Code\bin;C:\Users\88693\AppData\Roaming\npm;C:\Program Files\Docker\Docker\Resources\bin;;C:\Users\88693\Downloads\eclipse-jee-2024-09-R-win32-x86_64\eclipse;
USERNAME=88693
OS=Windows_NT
PROCESSOR_IDENTIFIER=Intel64 Family 6 Model 141 Stepping 1, GenuineIntel
TMP=C:\Users\88693\AppData\Local\Temp
TEMP=C:\Users\88693\AppData\Local\Temp




Periodic native trim disabled

---------------  S Y S T E M  ---------------

OS:
 Windows 11 , 64 bit Build 22621 (10.0.22621.4391)
OS uptime: 1 days 5:07 hours
Hyper-V role detected

CPU: total 12 (initial active 12) (6 cores per cpu, 2 threads per core) family 6 model 141 stepping 1 microcode 0x34, cx8, cmov, fxsr, ht, mmx, 3dnowpref, sse, sse2, sse3, ssse3, sse4.1, sse4.2, popcnt, lzcnt, tsc, tscinvbit, avx, avx2, aes, erms, clmul, bmi1, bmi2, adx, avx512f, avx512dq, avx512cd, avx512bw, avx512vl, sha, fma, vzeroupper, avx512_vpopcntdq, avx512_vpclmulqdq, avx512_vaes, avx512_vnni, clflush, clflushopt, clwb, avx512_vbmi2, avx512_vbmi, hv, rdtscp, rdpid, fsrm, gfni, avx512_bitalg, f16c, cet_ibt, cet_ss, avx512_ifma
Processor Information for all 12 processors :
  Max Mhz: 2688, Current Mhz: 2688, Mhz Limit: 2688

Memory: 4k page, system-wide physical 16163M (4871M free)
TotalPageFile size 19249M (AvailPageFile size 2901M)
current process WorkingSet (physical memory assigned to process): 329M, peak: 329M
current process commit charge ("private bytes"): 364M, peak: 377M

vm_info: OpenJDK 64-Bit Server VM (21.0.5+11-LTS) for windows-amd64 JRE (21.0.5+11-LTS), built on 2024-10-15T00:00:00Z by "admin" with MS VC++ 17.7 (VS2022)

END.
